{"/home/travis/build/npmtest/node-npmtest-jira-connector/test.js":{"path":"/home/travis/build/npmtest/node-npmtest-jira-connector/test.js","s":{"1":2,"2":2,"3":2,"4":2,"5":2,"6":2,"7":2,"8":1,"9":2,"10":2,"11":1,"12":1,"13":1,"14":1,"15":2,"16":2,"17":2,"18":2,"19":1,"20":1,"21":2,"22":2,"23":2,"24":1,"25":1,"26":1,"27":1,"28":1,"29":1,"30":1,"31":1,"32":1,"33":1,"34":1,"35":1,"36":1,"37":1,"38":1,"39":2,"40":2,"41":1,"42":2,"43":2,"44":1,"45":2,"46":2,"47":1,"48":2,"49":2,"50":1,"51":1,"52":1,"53":1,"54":1},"b":{"1":[2,1,1,1],"2":[1,1,1,1],"3":[1,1],"4":[1,1],"5":[1,1],"6":[1,1],"7":[1,1],"8":[1,1],"9":[1,1],"10":[1,1,1],"11":[1,1],"12":[1,1],"13":[1,1],"14":[1,1],"15":[1,1],"16":[1,1],"17":[1,1]},"f":{"1":2,"2":2,"3":2,"4":2,"5":2,"6":1,"7":1,"8":1,"9":2,"10":2,"11":2,"12":2,"13":1},"fnMap":{"1":{"name":"(anonymous_1)","line":12,"loc":{"start":{"line":12,"column":1},"end":{"line":12,"column":13}}},"2":{"name":"(anonymous_2)","line":19,"loc":{"start":{"line":19,"column":5},"end":{"line":19,"column":17}}},"3":{"name":"(anonymous_3)","line":23,"loc":{"start":{"line":23,"column":24},"end":{"line":23,"column":36}}},"4":{"name":"(anonymous_4)","line":61,"loc":{"start":{"line":61,"column":5},"end":{"line":61,"column":17}}},"5":{"name":"(anonymous_5)","line":82,"loc":{"start":{"line":82,"column":5},"end":{"line":82,"column":17}}},"6":{"name":"(anonymous_6)","line":91,"loc":{"start":{"line":91,"column":77},"end":{"line":94,"column":10}}},"7":{"name":"(anonymous_7)","line":112,"loc":{"start":{"line":112,"column":83},"end":{"line":115,"column":10}},"skip":true},"8":{"name":"(anonymous_8)","line":123,"loc":{"start":{"line":123,"column":77},"end":{"line":126,"column":10}},"skip":true},"9":{"name":"(anonymous_9)","line":139,"loc":{"start":{"line":139,"column":12},"end":{"line":139,"column":40}},"skip":true},"10":{"name":"(anonymous_10)","line":147,"loc":{"start":{"line":147,"column":77},"end":{"line":150,"column":10}},"skip":true},"11":{"name":"(anonymous_11)","line":158,"loc":{"start":{"line":158,"column":83},"end":{"line":161,"column":10}},"skip":true},"12":{"name":"(anonymous_12)","line":169,"loc":{"start":{"line":169,"column":79},"end":{"line":172,"column":10}},"skip":true},"13":{"name":"(anonymous_13)","line":180,"loc":{"start":{"line":180,"column":75},"end":{"line":183,"column":10}},"skip":true}},"statementMap":{"1":{"start":{"line":12,"column":0},"end":{"line":195,"column":5}},"2":{"start":{"line":14,"column":4},"end":{"line":14,"column":14}},"3":{"start":{"line":19,"column":4},"end":{"line":56,"column":9}},"4":{"start":{"line":21,"column":8},"end":{"line":21,"column":19}},"5":{"start":{"line":23,"column":8},"end":{"line":35,"column":13}},"6":{"start":{"line":24,"column":12},"end":{"line":34,"column":13}},"7":{"start":{"line":25,"column":16},"end":{"line":28,"column":30}},"8":{"start":{"line":30,"column":16},"end":{"line":33,"column":27}},"9":{"start":{"line":37,"column":8},"end":{"line":39,"column":21}},"10":{"start":{"line":40,"column":8},"end":{"line":53,"column":9}},"11":{"start":{"line":43,"column":12},"end":{"line":46,"column":14}},"12":{"start":{"line":47,"column":12},"end":{"line":47,"column":18}},"13":{"start":{"line":50,"column":12},"end":{"line":51,"column":46}},"14":{"start":{"line":52,"column":12},"end":{"line":52,"column":18}},"15":{"start":{"line":55,"column":8},"end":{"line":55,"column":35}},"16":{"start":{"line":61,"column":4},"end":{"line":63,"column":9}},"17":{"start":{"line":62,"column":8},"end":{"line":62,"column":15}},"18":{"start":{"line":64,"column":4},"end":{"line":77,"column":5}},"19":{"start":{"line":70,"column":8},"end":{"line":70,"column":14}},"20":{"start":{"line":76,"column":8},"end":{"line":76,"column":14}},"21":{"start":{"line":82,"column":4},"end":{"line":84,"column":9}},"22":{"start":{"line":83,"column":8},"end":{"line":83,"column":15}},"23":{"start":{"line":85,"column":4},"end":{"line":194,"column":5}},"24":{"start":{"line":91,"column":8},"end":{"line":99,"column":10}},"25":{"start":{"line":98,"column":12},"end":{"line":98,"column":35}},"26":{"start":{"line":102,"column":8},"end":{"line":104,"column":63}},"27":{"start":{"line":105,"column":8},"end":{"line":105,"column":14}},"28":{"start":{"line":112,"column":8},"end":{"line":121,"column":10},"skip":true},"29":{"start":{"line":119,"column":12},"end":{"line":119,"column":55},"skip":true},"30":{"start":{"line":120,"column":12},"end":{"line":120,"column":48},"skip":true},"31":{"start":{"line":123,"column":8},"end":{"line":136,"column":10},"skip":true},"32":{"start":{"line":130,"column":12},"end":{"line":130,"column":76},"skip":true},"33":{"start":{"line":131,"column":12},"end":{"line":131,"column":73},"skip":true},"34":{"start":{"line":132,"column":12},"end":{"line":132,"column":74},"skip":true},"35":{"start":{"line":133,"column":12},"end":{"line":133,"column":79},"skip":true},"36":{"start":{"line":134,"column":12},"end":{"line":134,"column":25},"skip":true},"37":{"start":{"line":135,"column":12},"end":{"line":135,"column":45},"skip":true},"38":{"start":{"line":138,"column":8},"end":{"line":145,"column":14},"skip":true},"39":{"start":{"line":143,"column":16},"end":{"line":143,"column":29},"skip":true},"40":{"start":{"line":144,"column":16},"end":{"line":144,"column":55},"skip":true},"41":{"start":{"line":147,"column":8},"end":{"line":156,"column":10},"skip":true},"42":{"start":{"line":154,"column":12},"end":{"line":154,"column":25},"skip":true},"43":{"start":{"line":155,"column":12},"end":{"line":155,"column":45},"skip":true},"44":{"start":{"line":158,"column":8},"end":{"line":167,"column":10},"skip":true},"45":{"start":{"line":165,"column":12},"end":{"line":165,"column":25},"skip":true},"46":{"start":{"line":166,"column":12},"end":{"line":166,"column":48},"skip":true},"47":{"start":{"line":169,"column":8},"end":{"line":178,"column":10},"skip":true},"48":{"start":{"line":176,"column":12},"end":{"line":176,"column":25},"skip":true},"49":{"start":{"line":177,"column":12},"end":{"line":177,"column":46},"skip":true},"50":{"start":{"line":180,"column":8},"end":{"line":189,"column":10},"skip":true},"51":{"start":{"line":187,"column":12},"end":{"line":187,"column":94},"skip":true},"52":{"start":{"line":188,"column":12},"end":{"line":188,"column":48},"skip":true},"53":{"start":{"line":192,"column":8},"end":{"line":192,"column":35},"skip":true},"54":{"start":{"line":193,"column":8},"end":{"line":193,"column":14},"skip":true}},"branchMap":{"1":{"line":25,"type":"binary-expr","locations":[{"start":{"line":25,"column":23},"end":{"line":25,"column":62}},{"start":{"line":26,"column":20},"end":{"line":26,"column":70}},{"start":{"line":27,"column":20},"end":{"line":27,"column":71}},{"start":{"line":28,"column":20},"end":{"line":28,"column":29}}]},"2":{"line":30,"type":"binary-expr","locations":[{"start":{"line":30,"column":23},"end":{"line":30,"column":37}},{"start":{"line":31,"column":20},"end":{"line":31,"column":61}},{"start":{"line":32,"column":20},"end":{"line":32,"column":70}},{"start":{"line":33,"column":20},"end":{"line":33,"column":26}}]},"3":{"line":37,"type":"cond-expr","locations":[{"start":{"line":38,"column":14},"end":{"line":38,"column":20}},{"start":{"line":39,"column":14},"end":{"line":39,"column":20}}]},"4":{"line":40,"type":"switch","locations":[{"start":{"line":42,"column":8},"end":{"line":47,"column":18}},{"start":{"line":49,"column":8},"end":{"line":52,"column":18}}]},"5":{"line":44,"type":"binary-expr","locations":[{"start":{"line":44,"column":16},"end":{"line":44,"column":44}},{"start":{"line":44,"column":48},"end":{"line":44,"column":66}}]},"6":{"line":50,"type":"binary-expr","locations":[{"start":{"line":50,"column":21},"end":{"line":50,"column":49}},{"start":{"line":50,"column":53},"end":{"line":50,"column":72}}]},"7":{"line":64,"type":"switch","locations":[{"start":{"line":69,"column":4},"end":{"line":70,"column":14}},{"start":{"line":75,"column":4},"end":{"line":76,"column":14}}]},"8":{"line":85,"type":"switch","locations":[{"start":{"line":90,"column":4},"end":{"line":105,"column":14}},{"start":{"line":111,"column":4},"end":{"line":193,"column":14},"skip":true}]},"9":{"line":91,"type":"binary-expr","locations":[{"start":{"line":91,"column":42},"end":{"line":91,"column":73}},{"start":{"line":91,"column":77},"end":{"line":99,"column":9}}]},"10":{"line":102,"type":"binary-expr","locations":[{"start":{"line":102,"column":18},"end":{"line":102,"column":32}},{"start":{"line":103,"column":12},"end":{"line":103,"column":53}},{"start":{"line":104,"column":12},"end":{"line":104,"column":61}}]},"11":{"line":112,"type":"binary-expr","locations":[{"start":{"line":112,"column":45},"end":{"line":112,"column":79},"skip":true},{"start":{"line":112,"column":83},"end":{"line":121,"column":9},"skip":true}]},"12":{"line":123,"type":"binary-expr","locations":[{"start":{"line":123,"column":42},"end":{"line":123,"column":73},"skip":true},{"start":{"line":123,"column":77},"end":{"line":136,"column":9},"skip":true}]},"13":{"line":138,"type":"binary-expr","locations":[{"start":{"line":138,"column":48},"end":{"line":138,"column":85},"skip":true},{"start":{"line":139,"column":12},"end":{"line":145,"column":13},"skip":true}]},"14":{"line":147,"type":"binary-expr","locations":[{"start":{"line":147,"column":42},"end":{"line":147,"column":73},"skip":true},{"start":{"line":147,"column":77},"end":{"line":156,"column":9},"skip":true}]},"15":{"line":158,"type":"binary-expr","locations":[{"start":{"line":158,"column":45},"end":{"line":158,"column":79},"skip":true},{"start":{"line":158,"column":83},"end":{"line":167,"column":9},"skip":true}]},"16":{"line":169,"type":"binary-expr","locations":[{"start":{"line":169,"column":43},"end":{"line":169,"column":75},"skip":true},{"start":{"line":169,"column":79},"end":{"line":178,"column":9},"skip":true}]},"17":{"line":180,"type":"binary-expr","locations":[{"start":{"line":180,"column":41},"end":{"line":180,"column":71},"skip":true},{"start":{"line":180,"column":75},"end":{"line":189,"column":9},"skip":true}]}},"code":["/* istanbul instrument in package npmtest_jira_connector */","/*jslint","    bitwise: true,","    browser: true,","    maxerr: 8,","    maxlen: 96,","    node: true,","    nomen: true,","    regexp: true,","    stupid: true","*/","(function () {","    'use strict';","    var local;","","","","    // run shared js-env code - pre-init","    (function () {","        // init local","        local = {};","        // init modeJs","        local.modeJs = (function () {","            try {","                return typeof navigator.userAgent === 'string' &&","                    typeof document.querySelector('body') === 'object' &&","                    typeof XMLHttpRequest.prototype.open === 'function' &&","                    'browser';","            } catch (errorCaughtBrowser) {","                return module.exports &&","                    typeof process.versions.node === 'string' &&","                    typeof require('http').createServer === 'function' &&","                    'node';","            }","        }());","        // init global","        local.global = local.modeJs === 'browser'","            ? window","            : global;","        switch (local.modeJs) {","        // re-init local from window.local","        case 'browser':","            local = local.global.utility2.objectSetDefault(","                local.global.utility2_rollup || local.global.local,","                local.global.utility2","            );","            break;","        // re-init local from example.js","        case 'node':","            local = (local.global.utility2_rollup || require('utility2'))","                .requireExampleJsFromReadme();","            break;","        }","        // export local","        local.global.local = local;","    }());","","","","    // run shared js-env code - function","    (function () {","        return;","    }());","    switch (local.modeJs) {","","","","    // run browser js-env code - function","    case 'browser':","        break;","","","","    // run node js-env code - function","    case 'node':","        break;","    }","","","","    // run shared js-env code - post-init","    (function () {","        return;","    }());","    switch (local.modeJs) {","","","","    // run browser js-env code - post-init","    case 'browser':","        local.testCase_browser_nullCase = local.testCase_browser_nullCase || function (","            options,","            onError","        ) {","        /*","         * this function will test browsers's null-case handling-behavior-behavior","         */","            onError(null, options);","        };","","        // run tests","        local.nop(local.modeTest &&","            document.querySelector('#testRunButton1') &&","            document.querySelector('#testRunButton1').click());","        break;","","","","    // run node js-env code - post-init","    /* istanbul ignore next */","    case 'node':","        local.testCase_buildApidoc_default = local.testCase_buildApidoc_default || function (","            options,","            onError","        ) {","        /*","         * this function will test buildApidoc's default handling-behavior-behavior","         */","            options = { modulePathList: module.paths };","            local.buildApidoc(options, onError);","        };","","        local.testCase_buildApp_default = local.testCase_buildApp_default || function (","            options,","            onError","        ) {","        /*","         * this function will test buildApp's default handling-behavior-behavior","         */","            local.testCase_buildReadme_default(options, local.onErrorThrow);","            local.testCase_buildLib_default(options, local.onErrorThrow);","            local.testCase_buildTest_default(options, local.onErrorThrow);","            local.testCase_buildCustomOrg_default(options, local.onErrorThrow);","            options = [];","            local.buildApp(options, onError);","        };","","        local.testCase_buildCustomOrg_default = local.testCase_buildCustomOrg_default ||","            function (options, onError) {","            /*","             * this function will test buildCustomOrg's default handling-behavior","             */","                options = {};","                local.buildCustomOrg(options, onError);","            };","","        local.testCase_buildLib_default = local.testCase_buildLib_default || function (","            options,","            onError","        ) {","        /*","         * this function will test buildLib's default handling-behavior","         */","            options = {};","            local.buildLib(options, onError);","        };","","        local.testCase_buildReadme_default = local.testCase_buildReadme_default || function (","            options,","            onError","        ) {","        /*","         * this function will test buildReadme's default handling-behavior-behavior","         */","            options = {};","            local.buildReadme(options, onError);","        };","","        local.testCase_buildTest_default = local.testCase_buildTest_default || function (","            options,","            onError","        ) {","        /*","         * this function will test buildTest's default handling-behavior","         */","            options = {};","            local.buildTest(options, onError);","        };","","        local.testCase_webpage_default = local.testCase_webpage_default || function (","            options,","            onError","        ) {","        /*","         * this function will test webpage's default handling-behavior","         */","            options = { modeCoverageMerge: true, url: local.serverLocalHost + '?modeTest=1' };","            local.browserTest(options, onError);","        };","","        // run test-server","        local.testRunServer(local);","        break;","    }","}());",""],"l":{"12":2,"14":2,"19":2,"21":2,"23":2,"24":2,"25":2,"30":1,"37":2,"40":2,"43":1,"47":1,"50":1,"52":1,"55":2,"61":2,"62":2,"64":2,"70":1,"76":1,"82":2,"83":2,"85":2,"91":1,"98":1,"102":1,"105":1,"112":1,"119":1,"120":1,"123":1,"130":1,"131":1,"132":1,"133":1,"134":1,"135":1,"138":1,"143":2,"144":2,"147":1,"154":2,"155":2,"158":1,"165":2,"166":2,"169":1,"176":2,"177":2,"180":1,"187":1,"188":1,"192":1,"193":1}},"/home/travis/build/npmtest/node-npmtest-jira-connector/lib.npmtest_jira_connector.js":{"path":"/home/travis/build/npmtest/node-npmtest-jira-connector/lib.npmtest_jira_connector.js","s":{"1":2,"2":2,"3":2,"4":2,"5":2,"6":2,"7":2,"8":1,"9":2,"10":2,"11":2,"12":2,"13":1,"14":1,"15":1,"16":1},"b":{"1":[2,1,1,1],"2":[1,1,1,1],"3":[1,1],"4":[2,2],"5":[1,1]},"f":{"1":2,"2":2,"3":2},"fnMap":{"1":{"name":"(anonymous_1)","line":12,"loc":{"start":{"line":12,"column":1},"end":{"line":12,"column":13}}},"2":{"name":"(anonymous_2)","line":19,"loc":{"start":{"line":19,"column":5},"end":{"line":19,"column":17}}},"3":{"name":"(anonymous_3)","line":23,"loc":{"start":{"line":23,"column":24},"end":{"line":23,"column":36}}}},"statementMap":{"1":{"start":{"line":12,"column":0},"end":{"line":53,"column":5}},"2":{"start":{"line":14,"column":4},"end":{"line":14,"column":14}},"3":{"start":{"line":19,"column":4},"end":{"line":52,"column":9}},"4":{"start":{"line":21,"column":8},"end":{"line":21,"column":19}},"5":{"start":{"line":23,"column":8},"end":{"line":35,"column":13}},"6":{"start":{"line":24,"column":12},"end":{"line":34,"column":13}},"7":{"start":{"line":25,"column":16},"end":{"line":28,"column":30}},"8":{"start":{"line":30,"column":16},"end":{"line":33,"column":27}},"9":{"start":{"line":37,"column":8},"end":{"line":39,"column":21}},"10":{"start":{"line":41,"column":8},"end":{"line":41,"column":54}},"11":{"start":{"line":43,"column":8},"end":{"line":43,"column":59}},"12":{"start":{"line":45,"column":8},"end":{"line":51,"column":9}},"13":{"start":{"line":46,"column":12},"end":{"line":46,"column":65}},"14":{"start":{"line":48,"column":12},"end":{"line":48,"column":35}},"15":{"start":{"line":49,"column":12},"end":{"line":49,"column":49}},"16":{"start":{"line":50,"column":12},"end":{"line":50,"column":43}}},"branchMap":{"1":{"line":25,"type":"binary-expr","locations":[{"start":{"line":25,"column":23},"end":{"line":25,"column":62}},{"start":{"line":26,"column":20},"end":{"line":26,"column":70}},{"start":{"line":27,"column":20},"end":{"line":27,"column":71}},{"start":{"line":28,"column":20},"end":{"line":28,"column":29}}]},"2":{"line":30,"type":"binary-expr","locations":[{"start":{"line":30,"column":23},"end":{"line":30,"column":37}},{"start":{"line":31,"column":20},"end":{"line":31,"column":61}},{"start":{"line":32,"column":20},"end":{"line":32,"column":70}},{"start":{"line":33,"column":20},"end":{"line":33,"column":26}}]},"3":{"line":37,"type":"cond-expr","locations":[{"start":{"line":38,"column":14},"end":{"line":38,"column":20}},{"start":{"line":39,"column":14},"end":{"line":39,"column":20}}]},"4":{"line":41,"type":"binary-expr","locations":[{"start":{"line":41,"column":16},"end":{"line":41,"column":44}},{"start":{"line":41,"column":48},"end":{"line":41,"column":53}}]},"5":{"line":45,"type":"if","locations":[{"start":{"line":45,"column":8},"end":{"line":45,"column":8}},{"start":{"line":45,"column":8},"end":{"line":45,"column":8}}]}},"code":["/* istanbul instrument in package npmtest_jira_connector */","/*jslint","    bitwise: true,","    browser: true,","    maxerr: 8,","    maxlen: 96,","    node: true,","    nomen: true,","    regexp: true,","    stupid: true","*/","(function () {","    'use strict';","    var local;","","","","    // run shared js-env code - pre-init","    (function () {","        // init local","        local = {};","        // init modeJs","        local.modeJs = (function () {","            try {","                return typeof navigator.userAgent === 'string' &&","                    typeof document.querySelector('body') === 'object' &&","                    typeof XMLHttpRequest.prototype.open === 'function' &&","                    'browser';","            } catch (errorCaughtBrowser) {","                return module.exports &&","                    typeof process.versions.node === 'string' &&","                    typeof require('http').createServer === 'function' &&","                    'node';","            }","        }());","        // init global","        local.global = local.modeJs === 'browser'","            ? window","            : global;","        // init utility2_rollup","        local = local.global.utility2_rollup || local;","        // init lib","        local.local = local.npmtest_jira_connector = local;","        // init exports","        if (local.modeJs === 'browser') {","            local.global.utility2_npmtest_jira_connector = local;","        } else {","            module.exports = local;","            module.exports.__dirname = __dirname;","            module.exports.module = module;","        }","    }());","}());",""],"l":{"12":2,"14":2,"19":2,"21":2,"23":2,"24":2,"25":2,"30":1,"37":2,"41":2,"43":2,"45":2,"46":1,"48":1,"49":1,"50":1}},"/home/travis/build/npmtest/node-npmtest-jira-connector/example.js":{"path":"/home/travis/build/npmtest/node-npmtest-jira-connector/example.js","s":{"1":2,"2":2,"3":2,"4":2,"5":2,"6":2,"7":2,"8":1,"9":2,"10":2,"11":2,"12":2,"13":1,"14":2,"15":2,"16":2,"17":2,"18":2,"19":0,"20":2,"21":1,"22":1,"23":1,"24":1,"25":1,"26":0,"27":0,"28":1,"29":1,"30":2,"31":0,"32":0,"33":0,"34":1,"35":2,"36":2,"37":3,"38":3,"39":3,"40":3,"41":0,"42":3,"43":3,"44":3,"45":1,"46":3,"47":1,"48":1,"49":1,"50":1,"51":1,"52":1,"53":1,"54":1,"55":1,"56":1,"57":0,"58":1,"59":6,"60":6,"61":1,"62":2,"63":0,"64":2,"65":1,"66":1,"67":0,"68":0,"69":0,"70":0,"71":0,"72":0,"73":0,"74":0,"75":0,"76":0,"77":0,"78":0,"79":0,"80":0,"81":0,"82":0,"83":0},"b":{"1":[2,1,1,1],"2":[1,1,1,1],"3":[1,1],"4":[2,2],"5":[1,1],"6":[1,1],"7":[2,0],"8":[2,1,1,1,1,1],"9":[0,2,0],"10":[1,1],"11":[2,1,1],"12":[1,0],"13":[0,2],"14":[2,0,0,0,0,0,0],"15":[0,3],"16":[3,0],"17":[1,1],"18":[0,1],"19":[1,2,0,2],"20":[1,0],"21":[1,1],"22":[0,0],"23":[0,0],"24":[0,0],"25":[0,0],"26":[0,0],"27":[0,0],"28":[0,0]},"f":{"1":2,"2":2,"3":2,"4":2,"5":2,"6":2,"7":3,"8":3,"9":3,"10":1,"11":6,"12":0},"fnMap":{"1":{"name":"(anonymous_1)","line":26,"loc":{"start":{"line":26,"column":1},"end":{"line":26,"column":13}}},"2":{"name":"(anonymous_2)","line":33,"loc":{"start":{"line":33,"column":5},"end":{"line":33,"column":17}}},"3":{"name":"(anonymous_3)","line":37,"loc":{"start":{"line":37,"column":24},"end":{"line":37,"column":36}}},"4":{"name":"(anonymous_4)","line":69,"loc":{"start":{"line":69,"column":31},"end":{"line":69,"column":48}},"skip":true},"5":{"name":"(anonymous_5)","line":78,"loc":{"start":{"line":78,"column":26},"end":{"line":78,"column":45}},"skip":true},"6":{"name":"(anonymous_6)","line":123,"loc":{"start":{"line":123,"column":33},"end":{"line":123,"column":48}},"skip":true},"7":{"name":"(anonymous_7)","line":125,"loc":{"start":{"line":125,"column":27},"end":{"line":125,"column":39}},"skip":true},"8":{"name":"(anonymous_8)","line":133,"loc":{"start":{"line":133,"column":59},"end":{"line":133,"column":74}},"skip":true},"9":{"name":"(anonymous_9)","line":143,"loc":{"start":{"line":143,"column":45},"end":{"line":143,"column":62}},"skip":true},"10":{"name":"(anonymous_10)","line":144,"loc":{"start":{"line":144,"column":73},"end":{"line":144,"column":92}},"skip":true},"11":{"name":"(anonymous_11)","line":272,"loc":{"start":{"line":272,"column":51},"end":{"line":272,"column":77}},"skip":true},"12":{"name":"(anonymous_12)","line":315,"loc":{"start":{"line":315,"column":32},"end":{"line":315,"column":61}},"skip":true}},"statementMap":{"1":{"start":{"line":26,"column":0},"end":{"line":326,"column":5}},"2":{"start":{"line":28,"column":4},"end":{"line":28,"column":14}},"3":{"start":{"line":33,"column":4},"end":{"line":60,"column":9}},"4":{"start":{"line":35,"column":8},"end":{"line":35,"column":19}},"5":{"start":{"line":37,"column":8},"end":{"line":49,"column":13}},"6":{"start":{"line":38,"column":12},"end":{"line":48,"column":13}},"7":{"start":{"line":39,"column":16},"end":{"line":42,"column":30}},"8":{"start":{"line":44,"column":16},"end":{"line":47,"column":27}},"9":{"start":{"line":51,"column":8},"end":{"line":53,"column":21}},"10":{"start":{"line":55,"column":8},"end":{"line":57,"column":45}},"11":{"start":{"line":59,"column":8},"end":{"line":59,"column":35}},"12":{"start":{"line":61,"column":4},"end":{"line":325,"column":5}},"13":{"start":{"line":69,"column":8},"end":{"line":121,"column":10},"skip":true},"14":{"start":{"line":70,"column":12},"end":{"line":88,"column":13},"skip":true},"15":{"start":{"line":76,"column":16},"end":{"line":87,"column":19},"skip":true},"16":{"start":{"line":79,"column":20},"end":{"line":86,"column":21},"skip":true},"17":{"start":{"line":82,"column":24},"end":{"line":82,"column":43},"skip":true},"18":{"start":{"line":83,"column":24},"end":{"line":83,"column":30},"skip":true},"19":{"start":{"line":85,"column":24},"end":{"line":85,"column":49},"skip":true},"20":{"start":{"line":89,"column":12},"end":{"line":107,"column":13},"skip":true},"21":{"start":{"line":92,"column":16},"end":{"line":102,"column":17},"skip":true},"22":{"start":{"line":93,"column":20},"end":{"line":93,"column":86},"skip":true},"23":{"start":{"line":94,"column":20},"end":{"line":95,"column":45},"skip":true},"24":{"start":{"line":96,"column":20},"end":{"line":96,"column":42},"skip":true},"25":{"start":{"line":97,"column":20},"end":{"line":97,"column":48},"skip":true},"26":{"start":{"line":100,"column":20},"end":{"line":100,"column":85},"skip":true},"27":{"start":{"line":101,"column":20},"end":{"line":101,"column":96},"skip":true},"28":{"start":{"line":103,"column":16},"end":{"line":103,"column":22},"skip":true},"29":{"start":{"line":106,"column":16},"end":{"line":106,"column":22},"skip":true},"30":{"start":{"line":108,"column":12},"end":{"line":120,"column":13},"skip":true},"31":{"start":{"line":114,"column":16},"end":{"line":119,"column":17},"skip":true},"32":{"start":{"line":116,"column":20},"end":{"line":116,"column":78},"skip":true},"33":{"start":{"line":118,"column":20},"end":{"line":118,"column":47},"skip":true},"34":{"start":{"line":123,"column":8},"end":{"line":141,"column":11},"skip":true},"35":{"start":{"line":124,"column":12},"end":{"line":124,"column":54},"skip":true},"36":{"start":{"line":125,"column":12},"end":{"line":140,"column":14},"skip":true},"37":{"start":{"line":126,"column":16},"end":{"line":126,"column":28},"skip":true},"38":{"start":{"line":127,"column":16},"end":{"line":127,"column":69},"skip":true},"39":{"start":{"line":128,"column":16},"end":{"line":128,"column":75},"skip":true},"40":{"start":{"line":129,"column":16},"end":{"line":131,"column":17},"skip":true},"41":{"start":{"line":130,"column":20},"end":{"line":130,"column":27},"skip":true},"42":{"start":{"line":133,"column":16},"end":{"line":137,"column":36},"skip":true},"43":{"start":{"line":134,"column":20},"end":{"line":136,"column":55},"skip":true},"44":{"start":{"line":139,"column":16},"end":{"line":139,"column":57},"skip":true},"45":{"start":{"line":143,"column":8},"end":{"line":147,"column":11},"skip":true},"46":{"start":{"line":144,"column":12},"end":{"line":146,"column":15},"skip":true},"47":{"start":{"line":145,"column":16},"end":{"line":145,"column":70},"skip":true},"48":{"start":{"line":149,"column":8},"end":{"line":149,"column":31},"skip":true},"49":{"start":{"line":150,"column":8},"end":{"line":150,"column":14},"skip":true},"50":{"start":{"line":158,"column":8},"end":{"line":158,"column":31},"skip":true},"51":{"start":{"line":160,"column":8},"end":{"line":160,"column":33},"skip":true},"52":{"start":{"line":161,"column":8},"end":{"line":161,"column":37},"skip":true},"53":{"start":{"line":162,"column":8},"end":{"line":162,"column":35},"skip":true},"54":{"start":{"line":164,"column":8},"end":{"line":164,"column":50},"skip":true},"55":{"start":{"line":166,"column":8},"end":{"line":256,"column":2},"skip":true},"56":{"start":{"line":258,"column":8},"end":{"line":286,"column":9},"skip":true},"57":{"start":{"line":259,"column":12},"end":{"line":269,"column":14},"skip":true},"58":{"start":{"line":271,"column":12},"end":{"line":285,"column":19},"skip":true},"59":{"start":{"line":274,"column":20},"end":{"line":274,"column":35},"skip":true},"60":{"start":{"line":275,"column":20},"end":{"line":284,"column":21},"skip":true},"61":{"start":{"line":277,"column":24},"end":{"line":277,"column":64},"skip":true},"62":{"start":{"line":279,"column":24},"end":{"line":279,"column":40},"skip":true},"63":{"start":{"line":281,"column":24},"end":{"line":281,"column":40},"skip":true},"64":{"start":{"line":283,"column":24},"end":{"line":283,"column":39},"skip":true},"65":{"start":{"line":288,"column":8},"end":{"line":290,"column":9},"skip":true},"66":{"start":{"line":289,"column":12},"end":{"line":289,"column":18},"skip":true},"67":{"start":{"line":291,"column":8},"end":{"line":293,"column":54},"skip":true},"68":{"start":{"line":296,"column":8},"end":{"line":301,"column":37},"skip":true},"69":{"start":{"line":303,"column":8},"end":{"line":303,"column":82},"skip":true},"70":{"start":{"line":306,"column":8},"end":{"line":308,"column":9},"skip":true},"71":{"start":{"line":307,"column":12},"end":{"line":307,"column":82},"skip":true},"72":{"start":{"line":310,"column":8},"end":{"line":312,"column":9},"skip":true},"73":{"start":{"line":311,"column":12},"end":{"line":311,"column":18},"skip":true},"74":{"start":{"line":313,"column":8},"end":{"line":313,"column":54},"skip":true},"75":{"start":{"line":314,"column":8},"end":{"line":314,"column":69},"skip":true},"76":{"start":{"line":315,"column":8},"end":{"line":323,"column":36},"skip":true},"77":{"start":{"line":316,"column":12},"end":{"line":316,"column":61},"skip":true},"78":{"start":{"line":317,"column":12},"end":{"line":320,"column":13},"skip":true},"79":{"start":{"line":318,"column":16},"end":{"line":318,"column":75},"skip":true},"80":{"start":{"line":319,"column":16},"end":{"line":319,"column":23},"skip":true},"81":{"start":{"line":321,"column":12},"end":{"line":321,"column":38},"skip":true},"82":{"start":{"line":322,"column":12},"end":{"line":322,"column":27},"skip":true},"83":{"start":{"line":324,"column":8},"end":{"line":324,"column":14},"skip":true}},"branchMap":{"1":{"line":39,"type":"binary-expr","locations":[{"start":{"line":39,"column":23},"end":{"line":39,"column":62}},{"start":{"line":40,"column":20},"end":{"line":40,"column":70}},{"start":{"line":41,"column":20},"end":{"line":41,"column":71}},{"start":{"line":42,"column":20},"end":{"line":42,"column":29}}]},"2":{"line":44,"type":"binary-expr","locations":[{"start":{"line":44,"column":23},"end":{"line":44,"column":37}},{"start":{"line":45,"column":20},"end":{"line":45,"column":61}},{"start":{"line":46,"column":20},"end":{"line":46,"column":70}},{"start":{"line":47,"column":20},"end":{"line":47,"column":26}}]},"3":{"line":51,"type":"cond-expr","locations":[{"start":{"line":52,"column":14},"end":{"line":52,"column":20}},{"start":{"line":53,"column":14},"end":{"line":53,"column":20}}]},"4":{"line":55,"type":"binary-expr","locations":[{"start":{"line":55,"column":16},"end":{"line":55,"column":44}},{"start":{"line":55,"column":49},"end":{"line":57,"column":43}}]},"5":{"line":55,"type":"cond-expr","locations":[{"start":{"line":56,"column":14},"end":{"line":56,"column":58}},{"start":{"line":57,"column":14},"end":{"line":57,"column":43}}]},"6":{"line":61,"type":"switch","locations":[{"start":{"line":68,"column":4},"end":{"line":150,"column":14},"skip":true},{"start":{"line":156,"column":4},"end":{"line":324,"column":14},"skip":true}]},"7":{"line":70,"type":"if","locations":[{"start":{"line":70,"column":12},"end":{"line":70,"column":12},"skip":true},{"start":{"line":70,"column":12},"end":{"line":70,"column":12},"skip":true}]},"8":{"line":70,"type":"binary-expr","locations":[{"start":{"line":70,"column":16},"end":{"line":70,"column":22},"skip":true},{"start":{"line":70,"column":27},"end":{"line":70,"column":32},"skip":true},{"start":{"line":71,"column":20},"end":{"line":71,"column":39},"skip":true},{"start":{"line":72,"column":20},"end":{"line":72,"column":49},"skip":true},{"start":{"line":73,"column":20},"end":{"line":73,"column":58},"skip":true},{"start":{"line":74,"column":20},"end":{"line":74,"column":69},"skip":true}]},"9":{"line":79,"type":"switch","locations":[{"start":{"line":80,"column":20},"end":{"line":80,"column":33},"skip":true},{"start":{"line":81,"column":20},"end":{"line":83,"column":30},"skip":true},{"start":{"line":84,"column":20},"end":{"line":85,"column":49},"skip":true}]},"10":{"line":89,"type":"switch","locations":[{"start":{"line":90,"column":12},"end":{"line":103,"column":22},"skip":true},{"start":{"line":105,"column":12},"end":{"line":106,"column":22},"skip":true}]},"11":{"line":89,"type":"binary-expr","locations":[{"start":{"line":89,"column":20},"end":{"line":89,"column":25},"skip":true},{"start":{"line":89,"column":29},"end":{"line":89,"column":48},"skip":true},{"start":{"line":89,"column":52},"end":{"line":89,"column":74},"skip":true}]},"12":{"line":92,"type":"if","locations":[{"start":{"line":92,"column":16},"end":{"line":92,"column":16},"skip":true},{"start":{"line":92,"column":16},"end":{"line":92,"column":16},"skip":true}]},"13":{"line":108,"type":"if","locations":[{"start":{"line":108,"column":12},"end":{"line":108,"column":12},"skip":true},{"start":{"line":108,"column":12},"end":{"line":108,"column":12},"skip":true}]},"14":{"line":108,"type":"binary-expr","locations":[{"start":{"line":108,"column":16},"end":{"line":108,"column":61},"skip":true},{"start":{"line":108,"column":66},"end":{"line":108,"column":72},"skip":true},{"start":{"line":108,"column":77},"end":{"line":108,"column":82},"skip":true},{"start":{"line":109,"column":20},"end":{"line":109,"column":39},"skip":true},{"start":{"line":110,"column":20},"end":{"line":110,"column":49},"skip":true},{"start":{"line":111,"column":20},"end":{"line":111,"column":58},"skip":true},{"start":{"line":112,"column":20},"end":{"line":112,"column":68},"skip":true}]},"15":{"line":129,"type":"if","locations":[{"start":{"line":129,"column":16},"end":{"line":129,"column":16},"skip":true},{"start":{"line":129,"column":16},"end":{"line":129,"column":16},"skip":true}]},"16":{"line":134,"type":"cond-expr","locations":[{"start":{"line":135,"column":26},"end":{"line":135,"column":29},"skip":true},{"start":{"line":136,"column":26},"end":{"line":136,"column":54},"skip":true}]},"17":{"line":164,"type":"binary-expr","locations":[{"start":{"line":164,"column":27},"end":{"line":164,"column":43},"skip":true},{"start":{"line":164,"column":47},"end":{"line":164,"column":49},"skip":true}]},"18":{"line":258,"type":"if","locations":[{"start":{"line":258,"column":8},"end":{"line":258,"column":8},"skip":true},{"start":{"line":258,"column":8},"end":{"line":258,"column":8},"skip":true}]},"19":{"line":275,"type":"switch","locations":[{"start":{"line":276,"column":20},"end":{"line":277,"column":64},"skip":true},{"start":{"line":278,"column":20},"end":{"line":279,"column":40},"skip":true},{"start":{"line":280,"column":20},"end":{"line":281,"column":40},"skip":true},{"start":{"line":282,"column":20},"end":{"line":283,"column":39},"skip":true}]},"20":{"line":288,"type":"if","locations":[{"start":{"line":288,"column":8},"end":{"line":288,"column":8},"skip":true},{"start":{"line":288,"column":8},"end":{"line":288,"column":8},"skip":true}]},"21":{"line":288,"type":"binary-expr","locations":[{"start":{"line":288,"column":12},"end":{"line":288,"column":40},"skip":true},{"start":{"line":288,"column":44},"end":{"line":288,"column":67},"skip":true}]},"22":{"line":292,"type":"binary-expr","locations":[{"start":{"line":292,"column":12},"end":{"line":292,"column":50},"skip":true},{"start":{"line":293,"column":12},"end":{"line":293,"column":53},"skip":true}]},"23":{"line":297,"type":"binary-expr","locations":[{"start":{"line":297,"column":12},"end":{"line":297,"column":72},"skip":true},{"start":{"line":298,"column":12},"end":{"line":301,"column":36},"skip":true}]},"24":{"line":303,"type":"binary-expr","locations":[{"start":{"line":303,"column":43},"end":{"line":303,"column":75},"skip":true},{"start":{"line":303,"column":79},"end":{"line":303,"column":81},"skip":true}]},"25":{"line":306,"type":"if","locations":[{"start":{"line":306,"column":8},"end":{"line":306,"column":8},"skip":true},{"start":{"line":306,"column":8},"end":{"line":306,"column":8},"skip":true}]},"26":{"line":310,"type":"if","locations":[{"start":{"line":310,"column":8},"end":{"line":310,"column":8},"skip":true},{"start":{"line":310,"column":8},"end":{"line":310,"column":8},"skip":true}]},"27":{"line":313,"type":"binary-expr","locations":[{"start":{"line":313,"column":27},"end":{"line":313,"column":43},"skip":true},{"start":{"line":313,"column":47},"end":{"line":313,"column":53},"skip":true}]},"28":{"line":317,"type":"if","locations":[{"start":{"line":317,"column":12},"end":{"line":317,"column":12},"skip":true},{"start":{"line":317,"column":12},"end":{"line":317,"column":12},"skip":true}]}},"code":["/*","example.js","","quickstart example","","instruction","    1. save this script as example.js","    2. run the shell command:","        $ npm install npmtest-jira-connector && PORT=8081 node example.js","    3. play with the browser-demo on http://127.0.0.1:8081","*/","","","","/* istanbul instrument in package npmtest_jira_connector */","/*jslint","    bitwise: true,","    browser: true,","    maxerr: 8,","    maxlen: 96,","    node: true,","    nomen: true,","    regexp: true,","    stupid: true","*/","(function () {","    'use strict';","    var local;","","","","    // run shared js-env code - pre-init","    (function () {","        // init local","        local = {};","        // init modeJs","        local.modeJs = (function () {","            try {","                return typeof navigator.userAgent === 'string' &&","                    typeof document.querySelector('body') === 'object' &&","                    typeof XMLHttpRequest.prototype.open === 'function' &&","                    'browser';","            } catch (errorCaughtBrowser) {","                return module.exports &&","                    typeof process.versions.node === 'string' &&","                    typeof require('http').createServer === 'function' &&","                    'node';","            }","        }());","        // init global","        local.global = local.modeJs === 'browser'","            ? window","            : global;","        // init utility2_rollup","        local = local.global.utility2_rollup || (local.modeJs === 'browser'","            ? local.global.utility2_npmtest_jira_connector","            : global.utility2_moduleExports);","        // export local","        local.global.local = local;","    }());","    switch (local.modeJs) {","","","","    // post-init","    // run browser js-env code - post-init","    /* istanbul ignore next */","    case 'browser':","        local.testRunBrowser = function (event) {","            if (!event || (event &&","                    event.currentTarget &&","                    event.currentTarget.className &&","                    event.currentTarget.className.includes &&","                    event.currentTarget.className.includes('onreset'))) {","                // reset output","                Array.from(","                    document.querySelectorAll('body > .resettable')","                ).forEach(function (element) {","                    switch (element.tagName) {","                    case 'INPUT':","                    case 'TEXTAREA':","                        element.value = '';","                        break;","                    default:","                        element.textContent = '';","                    }","                });","            }","            switch (event && event.currentTarget && event.currentTarget.id) {","            case 'testRunButton1':","                // show tests","                if (document.querySelector('#testReportDiv1').style.display === 'none') {","                    document.querySelector('#testReportDiv1').style.display = 'block';","                    document.querySelector('#testRunButton1').textContent =","                        'hide internal test';","                    local.modeTest = true;","                    local.testRunDefault(local);","                // hide tests","                } else {","                    document.querySelector('#testReportDiv1').style.display = 'none';","                    document.querySelector('#testRunButton1').textContent = 'run internal test';","                }","                break;","            // custom-case","            default:","                break;","            }","            if (document.querySelector('#inputTextareaEval1') && (!event || (event &&","                    event.currentTarget &&","                    event.currentTarget.className &&","                    event.currentTarget.className.includes &&","                    event.currentTarget.className.includes('oneval')))) {","                // try to eval input-code","                try {","                    /*jslint evil: true*/","                    eval(document.querySelector('#inputTextareaEval1').value);","                } catch (errorCaught) {","                    console.error(errorCaught);","                }","            }","        };","        // log stderr and stdout to #outputTextareaStdout1","        ['error', 'log'].forEach(function (key) {","            console[key + '_original'] = console[key];","            console[key] = function () {","                var element;","                console[key + '_original'].apply(console, arguments);","                element = document.querySelector('#outputTextareaStdout1');","                if (!element) {","                    return;","                }","                // append text to #outputTextareaStdout1","                element.value += Array.from(arguments).map(function (arg) {","                    return typeof arg === 'string'","                        ? arg","                        : JSON.stringify(arg, null, 4);","                }).join(' ') + '\\n';","                // scroll textarea to bottom","                element.scrollTop = element.scrollHeight;","            };","        });","        // init event-handling","        ['change', 'click', 'keyup'].forEach(function (event) {","            Array.from(document.querySelectorAll('.on' + event)).forEach(function (element) {","                element.addEventListener(event, local.testRunBrowser);","            });","        });","        // run tests","        local.testRunBrowser();","        break;","","","","    // run node js-env code - post-init","    /* istanbul ignore next */","    case 'node':","        // export local","        module.exports = local;","        // require modules","        local.fs = require('fs');","        local.http = require('http');","        local.url = require('url');","        // init assets","        local.assetsDict = local.assetsDict || {};","        /* jslint-ignore-begin */","        local.assetsDict['/assets.index.template.html'] = '\\","<!doctype html>\\n\\","<html lang=\"en\">\\n\\","<head>\\n\\","<meta charset=\"UTF-8\">\\n\\","<meta name=\"viewport\" content=\"width=device-width, initial-scale=1\">\\n\\","<title>{{env.npm_package_name}} (v{{env.npm_package_version}})</title>\\n\\","<style>\\n\\","/*csslint\\n\\","    box-sizing: false,\\n\\","    universal-selector: false\\n\\","*/\\n\\","* {\\n\\","    box-sizing: border-box;\\n\\","}\\n\\","body {\\n\\","    background: #dde;\\n\\","    font-family: Arial, Helvetica, sans-serif;\\n\\","    margin: 2rem;\\n\\","}\\n\\","body > * {\\n\\","    margin-bottom: 1rem;\\n\\","}\\n\\",".utility2FooterDiv {\\n\\","    margin-top: 20px;\\n\\","    text-align: center;\\n\\","}\\n\\","</style>\\n\\","<style>\\n\\","/*csslint\\n\\","*/\\n\\","textarea {\\n\\","    font-family: monospace;\\n\\","    height: 10rem;\\n\\","    width: 100%;\\n\\","}\\n\\","textarea[readonly] {\\n\\","    background: #ddd;\\n\\","}\\n\\","</style>\\n\\","</head>\\n\\","<body>\\n\\","<!-- utility2-comment\\n\\","<div id=\"ajaxProgressDiv1\" style=\"background: #d00; height: 2px; left: 0; margin: 0; padding: 0; position: fixed; top: 0; transition: background 0.5s, width 1.5s; width: 25%;\"></div>\\n\\","utility2-comment -->\\n\\","<h1>\\n\\","<!-- utility2-comment\\n\\","    <a\\n\\","        {{#if env.npm_package_homepage}}\\n\\","        href=\"{{env.npm_package_homepage}}\"\\n\\","        {{/if env.npm_package_homepage}}\\n\\","        target=\"_blank\"\\n\\","    >\\n\\","utility2-comment -->\\n\\","        {{env.npm_package_name}} (v{{env.npm_package_version}})\\n\\","<!-- utility2-comment\\n\\","    </a>\\n\\","utility2-comment -->\\n\\","</h1>\\n\\","<h3>{{env.npm_package_description}}</h3>\\n\\","<!-- utility2-comment\\n\\","<h4><a download href=\"assets.app.js\">download standalone app</a></h4>\\n\\","<button class=\"onclick onreset\" id=\"testRunButton1\">run internal test</button><br>\\n\\","<div id=\"testReportDiv1\" style=\"display: none;\"></div>\\n\\","utility2-comment -->\\n\\","\\n\\","\\n\\","\\n\\","<label>stderr and stdout</label>\\n\\","<textarea class=\"resettable\" id=\"outputTextareaStdout1\" readonly></textarea>\\n\\","<!-- utility2-comment\\n\\","{{#if isRollup}}\\n\\","<script src=\"assets.app.js\"></script>\\n\\","{{#unless isRollup}}\\n\\","utility2-comment -->\\n\\","<script src=\"assets.utility2.rollup.js\"></script>\\n\\","<script src=\"jsonp.utility2._stateInit?callback=window.utility2._stateInit\"></script>\\n\\","<script src=\"assets.npmtest_jira_connector.rollup.js\"></script>\\n\\","<script src=\"assets.example.js\"></script>\\n\\","<script src=\"assets.test.js\"></script>\\n\\","<!-- utility2-comment\\n\\","{{/if isRollup}}\\n\\","utility2-comment -->\\n\\","<div class=\"utility2FooterDiv\">\\n\\","    [ this app was created with\\n\\","    <a href=\"https://github.com/kaizhu256/node-utility2\" target=\"_blank\">utility2</a>\\n\\","    ]\\n\\","</div>\\n\\","</body>\\n\\","</html>\\n\\","';","        /* jslint-ignore-end */","        if (local.templateRender) {","            local.assetsDict['/'] = local.templateRender(","                local.assetsDict['/assets.index.template.html'],","                {","                    env: local.objectSetDefault(local.env, {","                        npm_package_description: 'the greatest app in the world!',","                        npm_package_name: 'my-app',","                        npm_package_nameAlias: 'my_app',","                        npm_package_version: '0.0.1'","                    })","                }","            );","        } else {","            local.assetsDict['/'] = local.assetsDict['/assets.index.template.html']","                .replace((/\\{\\{env\\.(\\w+?)\\}\\}/g), function (match0, match1) {","                    // jslint-hack","                    String(match0);","                    switch (match1) {","                    case 'npm_package_description':","                        return 'the greatest app in the world!';","                    case 'npm_package_name':","                        return 'my-app';","                    case 'npm_package_nameAlias':","                        return 'my_app';","                    case 'npm_package_version':","                        return '0.0.1';","                    }","                });","        }","        // run the cli","        if (local.global.utility2_rollup || module !== require.main) {","            break;","        }","        local.assetsDict['/assets.example.js'] =","            local.assetsDict['/assets.example.js'] ||","            local.fs.readFileSync(__filename, 'utf8');","        // bug-workaround - long $npm_package_buildCustomOrg","        /* jslint-ignore-begin */","        local.assetsDict['/assets.npmtest_jira_connector.rollup.js'] =","            local.assetsDict['/assets.npmtest_jira_connector.rollup.js'] ||","            local.fs.readFileSync(","                local.npmtest_jira_connector.__dirname + '/lib.npmtest_jira_connector.js',","                'utf8'","            ).replace((/^#!/), '//');","        /* jslint-ignore-end */","        local.assetsDict['/favicon.ico'] = local.assetsDict['/favicon.ico'] || '';","        // if $npm_config_timeout_exit exists,","        // then exit this process after $npm_config_timeout_exit ms","        if (Number(process.env.npm_config_timeout_exit)) {","            setTimeout(process.exit, Number(process.env.npm_config_timeout_exit));","        }","        // start server","        if (local.global.utility2_serverHttp1) {","            break;","        }","        process.env.PORT = process.env.PORT || '8081';","        console.error('server starting on port ' + process.env.PORT);","        local.http.createServer(function (request, response) {","            request.urlParsed = local.url.parse(request.url);","            if (local.assetsDict[request.urlParsed.pathname] !== undefined) {","                response.end(local.assetsDict[request.urlParsed.pathname]);","                return;","            }","            response.statusCode = 404;","            response.end();","        }).listen(process.env.PORT);","        break;","    }","}());",""],"l":{"26":2,"28":2,"33":2,"35":2,"37":2,"38":2,"39":2,"44":1,"51":2,"55":2,"59":2,"61":2,"69":1,"70":2,"76":2,"79":2,"82":2,"83":2,"85":1,"89":2,"92":1,"93":1,"94":1,"96":1,"97":1,"100":1,"101":1,"103":1,"106":1,"108":2,"114":1,"116":1,"118":1,"123":1,"124":2,"125":2,"126":3,"127":3,"128":3,"129":3,"130":1,"133":3,"134":3,"139":3,"143":1,"144":3,"145":1,"149":1,"150":1,"158":1,"160":1,"161":1,"162":1,"164":1,"166":1,"258":1,"259":1,"271":1,"274":6,"275":6,"277":1,"279":2,"281":1,"283":2,"288":1,"289":1,"291":1,"296":1,"303":1,"306":1,"307":1,"310":1,"311":1,"313":1,"314":1,"315":1,"316":1,"317":1,"318":1,"319":1,"321":1,"322":1,"324":1}},"/home/travis/build/npmtest/node-npmtest-jira-connector/node_modules/jira-connector/index.js":{"path":"/home/travis/build/npmtest/node-npmtest-jira-connector/node_modules/jira-connector/index.js","s":{"1":1,"2":1,"3":1,"4":1,"5":1,"6":1,"7":1,"8":1,"9":1,"10":1,"11":1,"12":1,"13":1,"14":1,"15":1,"16":1,"17":1,"18":1,"19":1,"20":1,"21":1,"22":1,"23":1,"24":1,"25":1,"26":1,"27":1,"28":1,"29":1,"30":1,"31":1,"32":1,"33":1,"34":1,"35":1,"36":1,"37":1,"38":1,"39":1,"40":1,"41":1,"42":1,"43":1,"44":1,"45":1,"46":1,"47":1,"48":1,"49":1,"50":1,"51":0,"52":0,"53":0,"54":0,"55":0,"56":0,"57":0,"58":0,"59":0,"60":0,"61":0,"62":0,"63":0,"64":0,"65":0,"66":0,"67":0,"68":0,"69":0,"70":0,"71":0,"72":0,"73":0,"74":0,"75":0,"76":0,"77":0,"78":0,"79":0,"80":0,"81":0,"82":0,"83":0,"84":0,"85":0,"86":0,"87":0,"88":0,"89":0,"90":0,"91":0,"92":0,"93":0,"94":0,"95":0,"96":0,"97":0,"98":0,"99":0,"100":0,"101":0,"102":0,"103":0,"104":0,"105":0,"106":0,"107":0,"108":0,"109":0,"110":0,"111":0,"112":0,"113":0,"114":0,"115":0,"116":0,"117":0,"118":0,"119":0,"120":0,"121":0,"122":0,"123":0,"124":0,"125":0,"126":0,"127":1,"128":1,"129":0,"130":0,"131":0,"132":0,"133":1,"134":0,"135":0,"136":0,"137":0,"138":1,"139":0,"140":0,"141":0,"142":0,"143":1,"144":0,"145":0,"146":0,"147":0,"148":0,"149":0,"150":0,"151":0,"152":0,"153":0,"154":0,"155":0,"156":0,"157":0,"158":0,"159":0,"160":0,"161":0,"162":0,"163":0,"164":0,"165":0,"166":0,"167":0,"168":0,"169":0,"170":0,"171":0,"172":0,"173":0,"174":0,"175":0,"176":0,"177":0,"178":0,"179":0,"180":0,"181":0,"182":1,"183":1},"b":{"1":[0,0],"2":[0,0],"3":[0,0],"4":[0,0],"5":[0,0],"6":[0,0],"7":[0,0],"8":[0,0],"9":[0,0],"10":[0,0],"11":[0,0],"12":[0,0],"13":[0,0],"14":[0,0],"15":[0,0],"16":[0,0],"17":[0,0],"18":[0,0],"19":[0,0],"20":[0,0],"21":[0,0],"22":[0,0],"23":[0,0],"24":[0,0],"25":[0,0],"26":[0,0],"27":[0,0],"28":[0,0],"29":[0,0]},"f":{"1":0,"2":1,"3":0,"4":0,"5":0,"6":0,"7":0,"8":0,"9":0,"10":0},"fnMap":{"1":{"name":"(anonymous_1)","line":132,"loc":{"start":{"line":132,"column":34},"end":{"line":132,"column":52}}},"2":{"name":"(anonymous_2)","line":229,"loc":{"start":{"line":229,"column":1},"end":{"line":229,"column":13}}},"3":{"name":"(anonymous_3)","line":239,"loc":{"start":{"line":239,"column":20},"end":{"line":239,"column":36}}},"4":{"name":"(anonymous_4)","line":260,"loc":{"start":{"line":260,"column":25},"end":{"line":260,"column":41}}},"5":{"name":"(anonymous_5)","line":281,"loc":{"start":{"line":281,"column":27},"end":{"line":281,"column":43}}},"6":{"name":"(anonymous_6)","line":304,"loc":{"start":{"line":304,"column":23},"end":{"line":304,"column":67}}},"7":{"name":"(anonymous_7)","line":322,"loc":{"start":{"line":322,"column":29},"end":{"line":322,"column":60}}},"8":{"name":"(anonymous_8)","line":338,"loc":{"start":{"line":338,"column":36},"end":{"line":338,"column":63}}},"9":{"name":"(anonymous_9)","line":342,"loc":{"start":{"line":342,"column":35},"end":{"line":342,"column":54}}},"10":{"name":"(anonymous_10)","line":353,"loc":{"start":{"line":353,"column":39},"end":{"line":353,"column":51}}}},"statementMap":{"1":{"start":{"line":4,"column":0},"end":{"line":4,"column":25}},"2":{"start":{"line":7,"column":0},"end":{"line":7,"column":33}},"3":{"start":{"line":10,"column":0},"end":{"line":10,"column":68}},"4":{"start":{"line":11,"column":0},"end":{"line":11,"column":45}},"5":{"start":{"line":12,"column":0},"end":{"line":12,"column":41}},"6":{"start":{"line":13,"column":0},"end":{"line":13,"column":37}},"7":{"start":{"line":14,"column":0},"end":{"line":14,"column":35}},"8":{"start":{"line":15,"column":0},"end":{"line":15,"column":39}},"9":{"start":{"line":16,"column":0},"end":{"line":16,"column":43}},"10":{"start":{"line":17,"column":0},"end":{"line":17,"column":59}},"11":{"start":{"line":18,"column":0},"end":{"line":18,"column":43}},"12":{"start":{"line":19,"column":0},"end":{"line":19,"column":42}},"13":{"start":{"line":20,"column":0},"end":{"line":20,"column":35}},"14":{"start":{"line":21,"column":0},"end":{"line":21,"column":37}},"15":{"start":{"line":22,"column":0},"end":{"line":22,"column":35}},"16":{"start":{"line":23,"column":0},"end":{"line":23,"column":55}},"17":{"start":{"line":24,"column":0},"end":{"line":24,"column":37}},"18":{"start":{"line":25,"column":0},"end":{"line":25,"column":35}},"19":{"start":{"line":26,"column":0},"end":{"line":26,"column":43}},"20":{"start":{"line":27,"column":0},"end":{"line":27,"column":51}},"21":{"start":{"line":28,"column":0},"end":{"line":28,"column":43}},"22":{"start":{"line":29,"column":0},"end":{"line":29,"column":31}},"23":{"start":{"line":30,"column":0},"end":{"line":30,"column":47}},"24":{"start":{"line":31,"column":0},"end":{"line":31,"column":57}},"25":{"start":{"line":32,"column":0},"end":{"line":32,"column":51}},"26":{"start":{"line":33,"column":0},"end":{"line":33,"column":51}},"27":{"start":{"line":34,"column":0},"end":{"line":34,"column":37}},"28":{"start":{"line":35,"column":0},"end":{"line":35,"column":45}},"29":{"start":{"line":36,"column":0},"end":{"line":36,"column":41}},"30":{"start":{"line":37,"column":0},"end":{"line":37,"column":41}},"31":{"start":{"line":38,"column":0},"end":{"line":38,"column":39}},"32":{"start":{"line":39,"column":0},"end":{"line":39,"column":55}},"33":{"start":{"line":40,"column":0},"end":{"line":40,"column":55}},"34":{"start":{"line":41,"column":0},"end":{"line":41,"column":39}},"35":{"start":{"line":42,"column":0},"end":{"line":42,"column":45}},"36":{"start":{"line":43,"column":0},"end":{"line":43,"column":39}},"37":{"start":{"line":44,"column":0},"end":{"line":44,"column":37}},"38":{"start":{"line":45,"column":0},"end":{"line":45,"column":51}},"39":{"start":{"line":46,"column":0},"end":{"line":46,"column":45}},"40":{"start":{"line":47,"column":0},"end":{"line":47,"column":41}},"41":{"start":{"line":48,"column":0},"end":{"line":48,"column":37}},"42":{"start":{"line":49,"column":0},"end":{"line":49,"column":37}},"43":{"start":{"line":50,"column":0},"end":{"line":50,"column":53}},"44":{"start":{"line":51,"column":0},"end":{"line":51,"column":33}},"45":{"start":{"line":52,"column":0},"end":{"line":52,"column":39}},"46":{"start":{"line":53,"column":0},"end":{"line":53,"column":39}},"47":{"start":{"line":54,"column":0},"end":{"line":54,"column":41}},"48":{"start":{"line":55,"column":0},"end":{"line":55,"column":53}},"49":{"start":{"line":56,"column":0},"end":{"line":56,"column":39}},"50":{"start":{"line":132,"column":0},"end":{"line":227,"column":2}},"51":{"start":{"line":133,"column":4},"end":{"line":135,"column":5}},"52":{"start":{"line":134,"column":8},"end":{"line":134,"column":52}},"53":{"start":{"line":136,"column":4},"end":{"line":136,"column":28}},"54":{"start":{"line":137,"column":4},"end":{"line":137,"column":64}},"55":{"start":{"line":138,"column":4},"end":{"line":138,"column":69}},"56":{"start":{"line":139,"column":4},"end":{"line":139,"column":28}},"57":{"start":{"line":140,"column":4},"end":{"line":140,"column":24}},"58":{"start":{"line":141,"column":4},"end":{"line":141,"column":33}},"59":{"start":{"line":142,"column":4},"end":{"line":142,"column":35}},"60":{"start":{"line":143,"column":4},"end":{"line":143,"column":45}},"61":{"start":{"line":145,"column":4},"end":{"line":176,"column":5}},"62":{"start":{"line":146,"column":8},"end":{"line":154,"column":9}},"63":{"start":{"line":147,"column":12},"end":{"line":147,"column":64}},"64":{"start":{"line":148,"column":15},"end":{"line":154,"column":9}},"65":{"start":{"line":149,"column":12},"end":{"line":149,"column":63}},"66":{"start":{"line":150,"column":15},"end":{"line":154,"column":9}},"67":{"start":{"line":151,"column":12},"end":{"line":151,"column":63}},"68":{"start":{"line":152,"column":15},"end":{"line":154,"column":9}},"69":{"start":{"line":153,"column":12},"end":{"line":153,"column":70}},"70":{"start":{"line":156,"column":8},"end":{"line":156,"column":40}},"71":{"start":{"line":157,"column":8},"end":{"line":157,"column":55}},"72":{"start":{"line":159,"column":11},"end":{"line":176,"column":5}},"73":{"start":{"line":160,"column":8},"end":{"line":175,"column":9}},"74":{"start":{"line":161,"column":12},"end":{"line":163,"column":13}},"75":{"start":{"line":165,"column":12},"end":{"line":169,"column":13}},"76":{"start":{"line":166,"column":16},"end":{"line":166,"column":64}},"77":{"start":{"line":167,"column":19},"end":{"line":169,"column":13}},"78":{"start":{"line":168,"column":16},"end":{"line":168,"column":64}},"79":{"start":{"line":171,"column":12},"end":{"line":174,"column":14}},"80":{"start":{"line":178,"column":4},"end":{"line":180,"column":5}},"81":{"start":{"line":179,"column":8},"end":{"line":179,"column":44}},"82":{"start":{"line":182,"column":4},"end":{"line":182,"column":65}},"83":{"start":{"line":183,"column":4},"end":{"line":183,"column":43}},"84":{"start":{"line":184,"column":4},"end":{"line":184,"column":39}},"85":{"start":{"line":185,"column":4},"end":{"line":185,"column":35}},"86":{"start":{"line":186,"column":4},"end":{"line":186,"column":33}},"87":{"start":{"line":187,"column":4},"end":{"line":187,"column":37}},"88":{"start":{"line":188,"column":4},"end":{"line":188,"column":41}},"89":{"start":{"line":189,"column":4},"end":{"line":189,"column":57}},"90":{"start":{"line":190,"column":4},"end":{"line":190,"column":41}},"91":{"start":{"line":191,"column":4},"end":{"line":191,"column":33}},"92":{"start":{"line":192,"column":4},"end":{"line":192,"column":35}},"93":{"start":{"line":193,"column":4},"end":{"line":193,"column":33}},"94":{"start":{"line":194,"column":4},"end":{"line":194,"column":53}},"95":{"start":{"line":195,"column":4},"end":{"line":195,"column":35}},"96":{"start":{"line":196,"column":4},"end":{"line":196,"column":33}},"97":{"start":{"line":197,"column":4},"end":{"line":197,"column":41}},"98":{"start":{"line":198,"column":4},"end":{"line":198,"column":49}},"99":{"start":{"line":199,"column":4},"end":{"line":199,"column":41}},"100":{"start":{"line":200,"column":4},"end":{"line":200,"column":29}},"101":{"start":{"line":201,"column":4},"end":{"line":201,"column":45}},"102":{"start":{"line":202,"column":4},"end":{"line":202,"column":55}},"103":{"start":{"line":203,"column":4},"end":{"line":203,"column":49}},"104":{"start":{"line":204,"column":4},"end":{"line":204,"column":49}},"105":{"start":{"line":205,"column":4},"end":{"line":205,"column":35}},"106":{"start":{"line":206,"column":4},"end":{"line":206,"column":39}},"107":{"start":{"line":207,"column":4},"end":{"line":207,"column":39}},"108":{"start":{"line":208,"column":4},"end":{"line":208,"column":37}},"109":{"start":{"line":209,"column":4},"end":{"line":209,"column":53}},"110":{"start":{"line":210,"column":4},"end":{"line":210,"column":53}},"111":{"start":{"line":211,"column":4},"end":{"line":211,"column":37}},"112":{"start":{"line":212,"column":4},"end":{"line":212,"column":43}},"113":{"start":{"line":213,"column":4},"end":{"line":213,"column":37}},"114":{"start":{"line":214,"column":4},"end":{"line":214,"column":35}},"115":{"start":{"line":215,"column":4},"end":{"line":215,"column":49}},"116":{"start":{"line":216,"column":4},"end":{"line":216,"column":43}},"117":{"start":{"line":217,"column":4},"end":{"line":217,"column":39}},"118":{"start":{"line":218,"column":4},"end":{"line":218,"column":35}},"119":{"start":{"line":219,"column":4},"end":{"line":219,"column":35}},"120":{"start":{"line":220,"column":4},"end":{"line":220,"column":51}},"121":{"start":{"line":221,"column":4},"end":{"line":221,"column":31}},"122":{"start":{"line":222,"column":4},"end":{"line":222,"column":37}},"123":{"start":{"line":223,"column":4},"end":{"line":223,"column":37}},"124":{"start":{"line":224,"column":4},"end":{"line":224,"column":39}},"125":{"start":{"line":225,"column":4},"end":{"line":225,"column":51}},"126":{"start":{"line":226,"column":4},"end":{"line":226,"column":37}},"127":{"start":{"line":229,"column":0},"end":{"line":384,"column":30}},"128":{"start":{"line":239,"column":4},"end":{"line":250,"column":6}},"129":{"start":{"line":240,"column":8},"end":{"line":240,"column":57}},"130":{"start":{"line":241,"column":8},"end":{"line":241,"column":38}},"131":{"start":{"line":242,"column":8},"end":{"line":247,"column":11}},"132":{"start":{"line":249,"column":8},"end":{"line":249,"column":46}},"133":{"start":{"line":260,"column":4},"end":{"line":271,"column":6}},"134":{"start":{"line":261,"column":8},"end":{"line":261,"column":59}},"135":{"start":{"line":262,"column":8},"end":{"line":262,"column":43}},"136":{"start":{"line":263,"column":8},"end":{"line":268,"column":11}},"137":{"start":{"line":270,"column":8},"end":{"line":270,"column":46}},"138":{"start":{"line":281,"column":4},"end":{"line":292,"column":6}},"139":{"start":{"line":282,"column":8},"end":{"line":282,"column":62}},"140":{"start":{"line":283,"column":8},"end":{"line":283,"column":45}},"141":{"start":{"line":284,"column":8},"end":{"line":289,"column":11}},"142":{"start":{"line":291,"column":8},"end":{"line":291,"column":46}},"143":{"start":{"line":304,"column":4},"end":{"line":382,"column":6}},"144":{"start":{"line":305,"column":8},"end":{"line":316,"column":9}},"145":{"start":{"line":306,"column":12},"end":{"line":306,"column":45}},"146":{"start":{"line":307,"column":15},"end":{"line":316,"column":9}},"147":{"start":{"line":308,"column":12},"end":{"line":315,"column":13}},"148":{"start":{"line":309,"column":14},"end":{"line":311,"column":15}},"149":{"start":{"line":310,"column":16},"end":{"line":310,"column":36}},"150":{"start":{"line":312,"column":14},"end":{"line":312,"column":82}},"151":{"start":{"line":314,"column":14},"end":{"line":314,"column":45}},"152":{"start":{"line":317,"column":8},"end":{"line":319,"column":9}},"153":{"start":{"line":318,"column":12},"end":{"line":318,"column":42}},"154":{"start":{"line":321,"column":8},"end":{"line":380,"column":9}},"155":{"start":{"line":322,"column":12},"end":{"line":336,"column":15}},"156":{"start":{"line":323,"column":16},"end":{"line":325,"column":17}},"157":{"start":{"line":324,"column":20},"end":{"line":324,"column":70}},"158":{"start":{"line":327,"column":12},"end":{"line":333,"column":13}},"159":{"start":{"line":328,"column":16},"end":{"line":332,"column":17}},"160":{"start":{"line":329,"column":20},"end":{"line":329,"column":44}},"161":{"start":{"line":331,"column":20},"end":{"line":331,"column":61}},"162":{"start":{"line":335,"column":16},"end":{"line":335,"column":86}},"163":{"start":{"line":337,"column":15},"end":{"line":380,"column":9}},"164":{"start":{"line":338,"column":12},"end":{"line":379,"column":15}},"165":{"start":{"line":340,"column":16},"end":{"line":340,"column":43}},"166":{"start":{"line":342,"column":16},"end":{"line":375,"column":19}},"167":{"start":{"line":345,"column":20},"end":{"line":345,"column":74}},"168":{"start":{"line":348,"column":20},"end":{"line":348,"column":34}},"169":{"start":{"line":349,"column":20},"end":{"line":349,"column":52}},"170":{"start":{"line":350,"column":20},"end":{"line":350,"column":46}},"171":{"start":{"line":353,"column":20},"end":{"line":373,"column":23}},"172":{"start":{"line":355,"column":24},"end":{"line":355,"column":51}},"173":{"start":{"line":358,"column":24},"end":{"line":364,"column":25}},"174":{"start":{"line":359,"column":28},"end":{"line":363,"column":29}},"175":{"start":{"line":360,"column":32},"end":{"line":360,"column":60}},"176":{"start":{"line":366,"column":24},"end":{"line":370,"column":25}},"177":{"start":{"line":367,"column":28},"end":{"line":367,"column":51}},"178":{"start":{"line":368,"column":28},"end":{"line":368,"column":61}},"179":{"start":{"line":369,"column":28},"end":{"line":369,"column":35}},"180":{"start":{"line":372,"column":24},"end":{"line":372,"column":40}},"181":{"start":{"line":377,"column":16},"end":{"line":377,"column":40}},"182":{"start":{"line":386,"column":0},"end":{"line":386,"column":52}},"183":{"start":{"line":388,"column":0},"end":{"line":388,"column":32}}},"branchMap":{"1":{"line":133,"type":"if","locations":[{"start":{"line":133,"column":4},"end":{"line":133,"column":4}},{"start":{"line":133,"column":4},"end":{"line":133,"column":4}}]},"2":{"line":137,"type":"cond-expr","locations":[{"start":{"line":137,"column":38},"end":{"line":137,"column":53}},{"start":{"line":137,"column":56},"end":{"line":137,"column":63}}]},"3":{"line":138,"type":"cond-expr","locations":[{"start":{"line":138,"column":44},"end":{"line":138,"column":62}},{"start":{"line":138,"column":65},"end":{"line":138,"column":68}}]},"4":{"line":143,"type":"binary-expr","locations":[{"start":{"line":143,"column":19},"end":{"line":143,"column":33}},{"start":{"line":143,"column":37},"end":{"line":143,"column":44}}]},"5":{"line":145,"type":"if","locations":[{"start":{"line":145,"column":4},"end":{"line":145,"column":4}},{"start":{"line":145,"column":4},"end":{"line":145,"column":4}}]},"6":{"line":146,"type":"if","locations":[{"start":{"line":146,"column":8},"end":{"line":146,"column":8}},{"start":{"line":146,"column":8},"end":{"line":146,"column":8}}]},"7":{"line":148,"type":"if","locations":[{"start":{"line":148,"column":15},"end":{"line":148,"column":15}},{"start":{"line":148,"column":15},"end":{"line":148,"column":15}}]},"8":{"line":150,"type":"if","locations":[{"start":{"line":150,"column":15},"end":{"line":150,"column":15}},{"start":{"line":150,"column":15},"end":{"line":150,"column":15}}]},"9":{"line":152,"type":"if","locations":[{"start":{"line":152,"column":15},"end":{"line":152,"column":15}},{"start":{"line":152,"column":15},"end":{"line":152,"column":15}}]},"10":{"line":159,"type":"if","locations":[{"start":{"line":159,"column":11},"end":{"line":159,"column":11}},{"start":{"line":159,"column":11},"end":{"line":159,"column":11}}]},"11":{"line":160,"type":"if","locations":[{"start":{"line":160,"column":8},"end":{"line":160,"column":8}},{"start":{"line":160,"column":8},"end":{"line":160,"column":8}}]},"12":{"line":165,"type":"if","locations":[{"start":{"line":165,"column":12},"end":{"line":165,"column":12}},{"start":{"line":165,"column":12},"end":{"line":165,"column":12}}]},"13":{"line":167,"type":"if","locations":[{"start":{"line":167,"column":19},"end":{"line":167,"column":19}},{"start":{"line":167,"column":19},"end":{"line":167,"column":19}}]},"14":{"line":178,"type":"if","locations":[{"start":{"line":178,"column":4},"end":{"line":178,"column":4}},{"start":{"line":178,"column":4},"end":{"line":178,"column":4}}]},"15":{"line":305,"type":"if","locations":[{"start":{"line":305,"column":8},"end":{"line":305,"column":8}},{"start":{"line":305,"column":8},"end":{"line":305,"column":8}}]},"16":{"line":307,"type":"if","locations":[{"start":{"line":307,"column":15},"end":{"line":307,"column":15}},{"start":{"line":307,"column":15},"end":{"line":307,"column":15}}]},"17":{"line":308,"type":"if","locations":[{"start":{"line":308,"column":12},"end":{"line":308,"column":12}},{"start":{"line":308,"column":12},"end":{"line":308,"column":12}}]},"18":{"line":309,"type":"if","locations":[{"start":{"line":309,"column":14},"end":{"line":309,"column":14}},{"start":{"line":309,"column":14},"end":{"line":309,"column":14}}]},"19":{"line":317,"type":"if","locations":[{"start":{"line":317,"column":8},"end":{"line":317,"column":8}},{"start":{"line":317,"column":8},"end":{"line":317,"column":8}}]},"20":{"line":321,"type":"if","locations":[{"start":{"line":321,"column":8},"end":{"line":321,"column":8}},{"start":{"line":321,"column":8},"end":{"line":321,"column":8}}]},"21":{"line":323,"type":"if","locations":[{"start":{"line":323,"column":16},"end":{"line":323,"column":16}},{"start":{"line":323,"column":16},"end":{"line":323,"column":16}}]},"22":{"line":323,"type":"binary-expr","locations":[{"start":{"line":323,"column":20},"end":{"line":323,"column":23}},{"start":{"line":323,"column":27},"end":{"line":323,"column":65}}]},"23":{"line":324,"type":"cond-expr","locations":[{"start":{"line":324,"column":42},"end":{"line":324,"column":45}},{"start":{"line":324,"column":48},"end":{"line":324,"column":52}}]},"24":{"line":327,"type":"if","locations":[{"start":{"line":327,"column":12},"end":{"line":327,"column":12}},{"start":{"line":327,"column":12},"end":{"line":327,"column":12}}]},"25":{"line":335,"type":"cond-expr","locations":[{"start":{"line":335,"column":54},"end":{"line":335,"column":67}},{"start":{"line":335,"column":70},"end":{"line":335,"column":74}}]},"26":{"line":337,"type":"if","locations":[{"start":{"line":337,"column":15},"end":{"line":337,"column":15}},{"start":{"line":337,"column":15},"end":{"line":337,"column":15}}]},"27":{"line":358,"type":"if","locations":[{"start":{"line":358,"column":24},"end":{"line":358,"column":24}},{"start":{"line":358,"column":24},"end":{"line":358,"column":24}}]},"28":{"line":358,"type":"binary-expr","locations":[{"start":{"line":358,"column":28},"end":{"line":358,"column":45}},{"start":{"line":358,"column":49},"end":{"line":358,"column":66}}]},"29":{"line":366,"type":"if","locations":[{"start":{"line":366,"column":24},"end":{"line":366,"column":24}},{"start":{"line":366,"column":24},"end":{"line":366,"column":24}}]}},"code":["\"use strict\";","","// Core packages","var url = require('url');","","// Npm packages","var request = require('request');","","// Custom packages","var applicationProperties = require('./api/application-properties');","var attachment = require('./api/attachment');","var auditing = require('./api/auditing');","var avatar = require('./api/avatar');","var board = require('./api/board');","var comment = require('./api/comment');","var component = require('./api/component');","var customFieldOption = require('./api/customFieldOption');","var dashboard = require('./api/dashboard');","var errorStrings = require('./lib/error');","var field = require('./api/field');","var filter = require('./api/filter');","var group = require('./api/group');","var groupUserPicker = require('./api/groupUserPicker');","var groups = require('./api/groups');","var issue = require('./api/issue');","var issueLink = require('./api/issueLink');","var issueLinkType = require('./api/issueLinkType');","var issueType = require('./api/issueType');","var jql = require('./api/jql');","var licenseRole = require('./api/licenseRole');","var licenseValidator = require('./api/licenseValidator');","var myPermissions = require('./api/myPermissions');","var myPreferences = require('./api/myPreferences');","var myself = require('./api/myself');","var oauth_util = require('./lib/oauth_util');","var password = require('./api/password');","var priority = require('./api/priority');","var project = require('./api/project');","var projectCategory = require('./api/projectCategory');","var projectValidate = require('./api/projectValidate');","var reindex = require('./api/reindex');","var resolution = require('./api/resolution');","var screens = require('./api/screens');","var search = require('./api/search');","var securityLevel = require('./api/securityLevel');","var serverInfo = require('./api/serverInfo');","var settings = require('./api/settings');","var sprint = require('./api/sprint');","var status = require('./api/status');","var statusCategory = require('./api/statusCategory');","var user = require('./api/user');","var version = require('./api/version');","var webhook = require('./api/webhook');","var workflow = require('./api/workflow');","var workflowScheme = require('./api/workflowScheme');","var worklog = require('./api/worklog');","","/**"," * Represents a client for the Jira REST API"," *"," * @constructor JiraClient"," * @property {AgileBoardClient} board"," * @property {AgileSprintClient} sprint"," *"," * @property {ApplicationPropertiesClient} applicationProperties"," * @property {AttachmentClient} attachment"," * @property {AuditingClient} auditing"," * @property {AvatarClient} avatar"," * @property {CommentClient} comment"," * @property {ComponentClient} component"," * @property {CustomFieldOptionClient} customFieldOption"," * @property {DashboardClient} dashboard"," * @property {FieldClient} field"," * @property {FilterClient} filter"," * @property {GroupClient} group"," * @property {GroupUserPickerClient} groupUserPicker"," * @property {GroupsClient} groups"," * @property {IssueClient} issue"," * @property {IssueLinkClient} issueLink"," * @property {IssueLinkTypeClient} issueLinkType"," * @property {IssueTypeClient} issueType"," * @property {JqlClient} jql"," * @property {LicenseRoleClient} licenseRole"," * @property {LicenseValidatorClient} licenseValidator"," * @property {MyPermissionsClient} myPermissions"," * @property {MyPreferencesClient} myPreferences"," * @property {MyselfClient} myself"," * @property {PasswordClient} password"," * @property {PriorityClient} priority"," * @property {ProjectCategoryClient} projectCategory"," * @property {ProjectClient} project"," * @property {ProjectValidateClient} projectValidate"," * @property {ReindexClient} reindex"," * @property {ResolutionClient} resolution"," * @property {ScreensClient} screens"," * @property {SearchClient} search"," * @property {SecurityLevelClient} securityLevel"," * @property {ServerInfoClient} serverInfo"," * @property {SettingsClient} settings"," * @property {StatusCategoryClient} statusCategory"," * @property {StatusClient} status"," * @property {UserClient} user"," * @property {VersionClient} version"," * @property {WebhookClient} webhook"," * @property {WorkflowClient} workflow"," * @property {WorkflowSchemeClient} workflowScheme"," * @property {WorklogClient} worklog"," *"," * @param config The information needed to access the Jira API"," * @param {string} config.host The hostname of the Jira API."," * @param {string} [config.protocol=https] The protocol used to accses the Jira API."," * @param {number} [config.port=443] The port number used to connect to Jira."," * @param {string} [config.path_prefix=\"/\"] The prefix to use in front of the path, if Jira isn't at \"/\""," * @param {string} [config.version=2] The version of the Jira API to which you will be connecting.  Currently, only"," *     version 2 is supported."," * @param config.auth The authentication information used tp connect to Jira. Must contain EITHER username and password"," *     OR oauth information.  Oauth information will be used over username/password authentication."," * @param {string} [config.basic_auth.username] The username of the user that will be authenticated. MUST be included"," *     if using username and password authentication."," * @param {string} [config.basic_auth.password] The password of the user that will be authenticated. MUST be included"," *     if using username and password authentication."," * @param {string} [config.oauth.consumer_key] The consumer key used in the Jira Application Link for oauth"," *     authentication.  MUST be included if using OAuth."," * @param {string} [config.oauth.private_key] The private key used for OAuth security. MUST be included if using OAuth."," * @param {string} [config.oauth.token] The VERIFIED token used to connect to the Jira API.  MUST be included if using"," *     OAuth."," * @param {string} [config.oauth.token_secret] The secret for the above token.  MUST be included if using Oauth."," * @param {CookieJar} [config.cookie_jar] The CookieJar to use for every requests."," * @param {Promise} [config.promise] Any function (constructor) compatible with Promise (bluebird, Q,...)."," *      Default - native Promise."," */","var JiraClient = module.exports = function (config) {","    if(!config.host) {","        throw new Error(errorStrings.NO_HOST_ERROR);","    }","    this.host = config.host;","    this.protocol = config.protocol ? config.protocol : 'https';","    this.path_prefix = config.path_prefix ? config.path_prefix : '/';","    this.port = config.port;","    this.apiVersion = 2; // TODO Add support for other versions.","    this.agileApiVersion = '1.0';","    this.webhookApiVersion = '1.0';","    this.promise = config.promise || Promise;","","    if (config.oauth) {","        if (!config.oauth.consumer_key) {","            throw new Error(errorStrings.NO_CONSUMER_KEY_ERROR);","        } else if (!config.oauth.private_key) {","            throw new Error(errorStrings.NO_PRIVATE_KEY_ERROR);","        } else if (!config.oauth.token) {","            throw new Error(errorStrings.NO_OAUTH_TOKEN_ERROR);","        } else if (!config.oauth.token_secret) {","            throw new Error(errorStrings.NO_OAUTH_TOKEN_SECRET_ERROR);","        }","","        this.oauthConfig = config.oauth;","        this.oauthConfig.signature_method = 'RSA-SHA1';","","    } else if (config.basic_auth) {","        if (config.basic_auth.base64) {","            this.basic_auth = {","              base64: config.basic_auth.base64","            }","        } else {","            if (!config.basic_auth.username) {","                throw new Error(errorStrings.NO_USERNAME_ERROR);","            } else if (!config.basic_auth.password) {","                throw new Error(errorStrings.NO_PASSWORD_ERROR);","            }","","            this.basic_auth = {","                user: config.basic_auth.username,","                pass: config.basic_auth.password","            };","        }","    }","","    if (config.cookie_jar) {","        this.cookie_jar = config.cookie_jar;","    }","","    this.applicationProperties = new applicationProperties(this);","    this.attachment = new attachment(this);","    this.auditing = new auditing(this);","    this.avatar = new avatar(this);","    this.board = new board(this);","    this.comment = new comment(this);","    this.component = new component(this);","    this.customFieldOption = new customFieldOption(this);","    this.dashboard = new dashboard(this);","    this.field = new field(this);","    this.filter = new filter(this);","    this.group = new group(this);","    this.groupUserPicker = new groupUserPicker(this);","    this.groups = new groups(this);","    this.issue = 
[...]
API.","     * @param opts.workflowSchemeId The id of the workflow scheme.","     * @param opts.workflowName The name of the new default workflow","     * @param [callback] Called when the default workflow has been updated.","     * @return {Promise} Resolved when the default workflow has been updated.","     */","    this.setDraftDefaultWorkflow = function (opts, callback) {","        var options = this.buildRequestOptions(opts, '/draft/default', 'PUT', {","            workflow: opts.workflowName,","            updateDraftIfNeeded: opts.updateDraftIfNeeded","        });","        return this.jiraClient.makeRequest(options, callback);","    };","","    /**","     * Remove the default workflow from the passed draft workflow scheme.","     *","     * @method removeDraftDefaultWorkflow","     * @memberOf WorkflowSchemeClient#","     * @param opts The request options sent to the Jira API.","     * @param opts.workflowSchemeId The id of the workflow scheme.","     * @param [callback] Called when the defaul workflow has been removed.","     * @return {Promise} Resolved when the defaul workflow has been removed.","     */","    this.removeDraftDefaultWorkflow = function (opts, callback) {","        var options = this.buildRequestOptions(opts, '/draft/default', 'DELETE');","        return this.jiraClient.makeRequest(options, callback);","    };","","    /**","     * Returns the issue type mapping for the passed workflow scheme.","     *","     * @method getIssueType","     * @memberOf WorkflowSchemeClient#","     * @param opts The request options sent to the Jira API.","     * @param opts.workflowSchemeId The id of the workflow scheme.","     * @param opts.issueType The issue type","     * @param opts.returnDraftIfExists when true indicates that a scheme's draft, if it exists, should be queried","     *     instead of the scheme itself.","     * @param [callback] Called when the issue type has been retrieved.","     * @return {Promise} Resolved when the issue type has been retrieved.","     */","    this.getIssueType = function (opts, callback) {","        var options = this.buildRequestOptions(opts, '/issuetype/' + opts.issueType, 'GET', null,","            {returnDraftIfExists: opts.returnDraftIfExists});","        return this.jiraClient.makeRequest(options, callback);","    };","","    /**","     * Set the issue type mapping for the passed scheme. The passed representation can have its updateDraftIfNeeded","     * flag set to true to indicate that the draft should be created/updated when the actual scheme cannot be edited.","     *","     * @method editIssueType","     * @memberOf WorkflowSchemeClient#","     * @param opts The request options sent to the Jira API","     * @param opts.workflowSchemeId The id of the workflow scheme.","     * @param opts.issueType The issue type","     * @param opts.workflow The new workflow","     * @param opts.updateDraftIfNeeded when true will create and return a draft when the workflow scheme cannot be","     *     edited (e.g. when it is being used by a project).","     * @param [callback] Called when the issue type has been edited","     * @return {Promise} Resolved when the issue type has been edited","     */","    this.editIssueType = function (opts, callback) {","        var options = this.buildRequestOptions(opts, '/issuetype/' + opts.issueType, 'PUT', {","            workflow: opts.workflow,","            updateDraftIfNeeded: opts.updateDraftIfNeeded","        });","        return this.jiraClient.makeRequest(options, callback);","    };","","    /**","     * Remove the specified issue type mapping from the scheme.","     *","     * @method removeIssueType","     * @memberOf WorkflowSchemeClient#","     * @param opts The request options sent to the Jira API","     * @param opts.workflowSchemeId The id of the workflow scheme.","     * @param opts.issueType The issue type","     * @param [callback] Called when the issue type mapping has been removed.","     * @return {Promise} Resolved when the issue type mapping has been removed.","     */","    this.removeIssueType = function (opts, callback) {","        var options = this.buildRequestOptions(opts, '/issuetype/' + opts.issueType, 'DELETE', null, {","            updateDraftIfNeeded: opts.updateDraftIfNeeded","        });","        return this.jiraClient.makeRequest(options, callback);","    };","","    /**","     * Returns the issue type mapping for the passed draft workflow scheme.","     *","     * @method getDraftIssueType","     * @memberOf WorkflowSchemeClient#","     * @param opts The request options sent to the Jira API.","     * @param opts.workflowSchemeId The id of the workflow scheme.","     * @param opts.issueType The issue type","     * @param [callback] Called when the issue type has been retrieved.","     * @return {Promise} Resolved when the issue type has been retrieved.","     */","    this.getDraftIssueType = function (opts, callback) {","        var options = this.buildRequestOptions(opts, '/draft/issuetype/' + opts.issueType, 'GET');","        return this.jiraClient.makeRequest(options, callback);","    };","","    /**","     * Set the issue type mapping for the passed draft scheme.","     *","     * @method editDraftIssueType","     * @memberOf WorkflowSchemeClient#","     * @param opts The request options sent to the Jira API","     * @param opts.workflowSchemeId The id of the workflow scheme.","     * @param opts.issueType The issue type","     * @param opts.workflow The new workflow","     * @param [callback] Called when the issue type has been edited","     * @return {Promise} Resolved when the issue type has been edited","     */","    this.editDraftIssueType = function (opts, callback) {","        var options = this.buildRequestOptions(opts, '/draft/issuetype/' + opts.issueType, 'PUT', {workflow: opts.workflow});","        return this.jiraClient.makeRequest(options, callback);","    };","","    /**","     * Remove the specified issue type mapping from the scheme.","     *","     * @method removeDraftIssueType","     * @memberOf WorkflowSchemeClient#","     * @param opts The request options sent to the Jira API","     * @param opts.workflowSchemeId The id of the workflow scheme.","     * @param opts.issueType The issue type","     * @param [callback] Called when the issue type mapping has been removed.","     * @return {Promise} Resolved when the issue type mapping has been removed.","     */","    this.removeDraftIssueType = function (opts, callback) {","        var options = this.buildRequestOptions(opts, '/draft/issuetype/' + opts.issueType, 'DELETE');","        return this.jiraClient.makeRequest(options, callback);","    };","","    /**","     * Returns the workflow mappings or requested mapping to the caller for the passed scheme.","     *","     * @method getWorkflow","     * @memberOf WorkflowSchemeClient#","     * @param opts The request options sent to the Jira API","     * @param opts.workflowSchemeId The id of the workflow scheme.","     * @param opts.workflowName The name of the workflow.","     * @param [callback] Called when the workflow has been retrieved.","     * @return {Promise} Resolved when the workflow has been retrieved.","     */","    this.getWorkflow = function (opts, callback) {","        var options = this.buildRequestOptions(opts, '/workflow', 'GET', null, {","            workflowName: opts.workflowName","        });","        return this.jiraClient.makeRequest(options, callback);","    };","","    /**","     * Returns the workflow mappings or requested mapping to the caller for the passed draft scheme.","     *","     * @method getDraftWorkflow","     * @memberOf WorkflowSchemeClient#","     * @param opts The request options sent to the Jira API","     * @param opts.workflowSchemeId The id of the workflow scheme.","     * @param opts.workflowName The name of the workflow.","     * @param [callback] Called when the workflow has been retrieved.","     * @return {Promise} Resolved when the workflow has been retrieved.","     */","    this.getDraftWorkflow = function (opts, callback) {","        var options = this.buildRequestOptions(opts, '/draft/workflow', 'GET', null, {","            workflowName: opts.workflowName","        });","        return this.jiraClient.makeRequest(options, callback);","    };","","    /**","     * Update the scheme to include the passed mapping. The body is a representation of the workflow mapping. Values","     * not passed are assumed to indicate no change for that field.","     *","     * @method editWorkflow","     * @memberOf WorkflowSchemeClient#","     * @param {Object} opts The request options sent to the Jira API","     * @param {number} opts.workflowSchemeId The id of the workflow scheme.","     * @param {string} opts.workflowName The name of the workflow.","     * @param {Array} opts.issueTypes The new issue types to inclue in the workflow.","     *      See {@link https://docs.atlassian.com/jira/REST/latest/#d2e2509}","     * @param [callback] Called when the workflow has been edited.","     * @return {Promise} Resolved when the workflow has been edited.","     */","    this.editWorkflow = function (opts, callback) {","        var options = this.buildRequestOptions(opts, '/workflow', 'PUT', {","            workflow: opts.workflowName,","            issueTypes: opts.issueTypes","        }, {workflowName: opts.workflowName});","        return this.jiraClient.makeRequest(options, callback);","    };","","    /**","     * Update the draft scheme to include the passed mapping. The body is a representation of the workflow mapping.","     * Values not passed are assumed to indicate no change for that field.","     *","     * @method editDraftWorkflow","     * @memberOf WorkflowSchemeClient#","     * @param {Object} opts The request options sent to the Jira API","     * @param {number} opts.workflowSchemeId The id of the workflow scheme.","     * @param {string} opts.workflowName The name of the workflow.","     * @param {Array} opts.issueTypes The new issue types to inclue in the workflow.","     *      See {@link https://docs.atlassian.com/jira/REST/latest/#d2e2670 }","     * @param [callback] Called when the workflow has been edited.","     * @return {Promise} Resolved when the workflow has been edited.","     */","    this.editDraftWorkflow = function (opts, callback) {","        var options = this.buildRequestOptions(opts, '/draft/workflow', 'PUT', {","            workflow: opts.workflowName,","            issueTypes: opts.issueTypes","        }, {workflowName: opts.workflowName});","        return this.jiraClient.makeRequest(options, callback);","    };","","    /**","     * Delete the passed workflow from the workflow scheme.","     *","     * @method deleteWorkflow","     * @memberOf WorkflowSchemeClient#","     * @param {Object} opts The request options sent to the Jira API","     * @param {number} opts.workflowSchemeId The id of the workflow scheme.","     * @param {string} opts.workflowName The name of the workflow.","     * @param [callback] Called when the workflow has been edited.","     * @return {Promise} Resolved when the workflow has been edited.","     */","    this.deleteWorkflow = function (opts, callback) {","        var options = this.buildRequestOptions(opts, '/workflow', 'DELETE', null, {workflowName: opts.workflowName});","        return this.jiraClient.makeRequest(options, callback);","    };","","    /**","     * Delete the passed workflow from the workflow draft scheme.","     *","     * @method deleteDraftWorkflow","     * @memberOf WorkflowSchemeClient#","     * @param {Object} opts The request options sent to the Jira API","     * @param {number} opts.workflowSchemeId The id of the workflow scheme.","     * @param {string} opts.workflowName The name of the workflow.","     * @param [callback] Called when the workflow has been edited.","     * @return {Promise} Resolved when the workflow has been edited.","     */","    this.deleteDraftWorkflow = function (opts, callback) {","        var options = this.buildRequestOptions(opts, '/draft/workflow', 'DELETE', null, {workflowName: opts.workflowName});","        return this.jiraClient.makeRequest(options, callback);","    };","","    /**","     * Build out the request options necessary to make a particular API call.","     *","     * @private","     * @method buildRequestOptions","     * @memberOf WorkflowSchemeClient#","     * @param {Object} opts The arguments passed to the method.","     * @param {number} opts.workflowSchemeId The id of the workflowScheme to use in the path.","     * @param {Array} [opts.fields] The fields to include","     * @param {Array} [opts.expand] The fields to expand","     * @param {string} path The path of the endpoint following /workflowScheme/{id}","     * @param {string} method The request method.","     * @param {Object} [body] The request body, if any.","     * @param {Object} [qs] The querystring, if any.  opts.expand and opts.fields arrays will be automagically added.","     * @returns {{uri: string, method: string, body: Object, qs: Object, followAllRedirects: boolean, json: boolean}}","     */","    this.buildRequestOptions = function (opts, path, method, body, qs) {","        var basePath = '/workflowscheme/' + opts.workflowSchemeId;","        if (!qs) qs = {};","        if (!body) body = {};","","        if (opts.fields) {","            qs.fields = '';","            opts.fields.forEach(function (field) {","                qs.fields += field + ','","            });","            qs.fields = qs.fields.slice(0, -1);","        }","","        if (opts.expand) {","            qs.expand = '';","            opts.expand.forEach(function (ex) {","                qs.expand += ex + ','","            });","            qs.expand = qs.expand.slice(0, -1);","        }","","        return {","            uri: this.jiraClient.buildURL(basePath + path),","            method: method,","            body: body,","            qs: qs,","            followAllRedirects: true,","            json: true","        };","    };","}"],"l":{"3":1,"10":1,"11":0,"24":0,"25":0,"32":0,"50":0,"51":0,"52":0,"67":0,"68":0,"69":0,"82":0,"83":0,"84":0,"97":0,"98":0,"99":0,"114":0,"115":0,"116":0,"131":0,"132":0,"133":0,"149":0,"150":0,"154":0,"167":0,"168":0,"169":0,"184":0,"185":0,"186":0,"199":0,"200":0,"201":0,"214":0,"215":0,"216":0,"230":0,"231":0,"235":0,"248":0,"249":0,"250":0,"266":0,"267":0,"269":0,"287":0,"288":0,"292":0,"306":0,"307":0,"310":0,"324":0,"325":0,"326":0,"341":0,"342":0,"343":0,"357":0,"358":0,"359":0,"373":0,"374":0,"377":0,"391":0,"392":0,"395":0,"412":0,"413":0,"417":0,"434":0,"435":0,"439":0,"453":0,"454":0,"455":0,"469":0,"470":0,"471":0,"490":0,"491":0,"492":0,"493":0,"495":0,"496":0,"497":0,"498":0,"500":0,"503":0,"504":0,"505":0,"506":0,"508":0,"511":0}},"/home/travis/build/npmtest/node-npmtest-jira-connector/node_modules/jira-connector/api/worklog.js":{"path":"/home/travis/build/npmtest/node-npmtest-jira-connector/node_modules/jira-connector/api/worklog.js","s":{"1":1,"2":1,"3":0,"4":0,"5":0,"6":0,"7":0,"8":0,"9":0,"10":0,"11":0,"12":0},"b":{},"f":{"1":0,"2":0,"3":0,"4":0},"fnMap":{"1":{"name":"WorklogClient","line":11,"loc":{"start":{"line":11,"column":0},"end":{"line":11,"column":35}}},"2":{"name":"(anonymous_2)","line":26,"loc":{"start":{"line":26,"column":29},"end":{"line":26,"column":55}}},"3":{"name":"(anonymous_3)","line":50,"loc":{"start":{"line":50,"column":23},"end":{"line":50,"column":49}}},"4":{"name":"(anonymous_4)","line":75,"loc":{"start":{"line":75,"column":29},"end":{"line":75,"column":55}}}},"statementMap":{"1":{"start":{"line":3,"column":0},"end":{"line":3,"column":31}},"2":{"start":{"line":11,"column":0},"end":{"line":87,"column":1}},"3":{"start":{"line":12,"column":4},"end":{"line":12,"column":33}},"4":{"start":{"line":26,"column":4},"end":{"line":37,"column":6}},"5":{"start":{"line":27,"column":8},"end":{"line":35,"column":10}},"6":{"start":{"line":36,"column":8},"end":{"line":36,"column":61}},"7":{"start":{"line":50,"column":4},"end":{"line":61,"column":6}},"8":{"start":{"line":51,"column":8},"end":{"line":59,"column":10}},"9":{"start":{"line":60,"column":8},"end":{"line":60,"column":61}},"10":{"start":{"line":75,"column":4},"end":{"line":86,"column":5}},"11":{"start":{"line":76,"column":8},"end":{"line":84,"column":10}},"12":{"start":{"line":85,"column":8},"end":{"line":85,"column":61}}},"branchMap":{},"code":["\"use strict\";","","module.exports = WorklogClient;","","/**"," * Used to access Jira REST endpoints in '/rest/api/2/worklog'"," *"," * @param {JiraClient} jiraClient"," * @constructor WorkLogClient"," */","function WorklogClient(jiraClient) {","    this.jiraClient = jiraClient;","","    /**","     * Returns worklogs id and delete time of worklogs that were deleted since given time. The returns set of worklogs is ","     * limited to 1000 elements. This API will not return worklogs deleted during last minute.","     *","     * @method getWorklogDeleted","     * @memberOf WorklogClient#","     * @param {Object} opts The request options sent to the Jira API","     * @param {number} opts.since A date time in unix timestamp format since when deleted worklogs will be returned.","     *      Default: 0","     * @param [callback] Called when the search results are retrieved.","     * @return {Promise} Resolved when the search results are retrieved.","     */ ","    this.getWorklogDeleted = function (opts, callback) {","        var options = {","            uri: this.jiraClient.buildURL('/worklog/deleted'),","            method: 'GET',","            json: true,","            followAllRedirects: true,","            qs: {","                since: opts.since","            }","        };","        return this.jiraClient.makeRequest(options, callback)","    };","","    /**","     * Returns Returns worklogs for given worklog ids. Only worklogs to which the calling user has permissions, ","     * will be included in the result. The returns set of worklogs is limited to 1000 elements.","     *","     * @method worklogList","     * @memberOf WorklogClient#","     * @param {Object} opts The request options sent to the Jira API","     * @param {array} [opts.ids] a JSON array named ids which contains a list of issue IDs","     * @param [callback] Called when the search results are retrieved.","     * @return {Promise} Resolved when the search results are retrieved.","     */ ","    this.worklogList = function (opts, callback) {","        var options = {","            uri: this.jiraClient.buildURL('/worklog/list'),","            method: 'POST',","            json: true,","            followAllRedirects: true,","            body: {","                ids: opts.ids","            }","        };","        return this.jiraClient.makeRequest(options, callback)","    };","","    /**","     * Returns worklogs id and update time of worklogs that were updated since given time. The returns set of worklogs is ","     * limited to 1000 elements. This API will not return worklogs deleted during last minute.","     *","     * @method getWorklogDeleted","     * @memberOf WorklogClient#","     * @param {Object} opts The request options sent to the Jira API","     * @param {number} opts.since A date time in unix timestamp format since when updated worklogs will be returned.","     *      Default: 0","     * @param [callback] Called when the search results are retrieved.","     * @return {Promise} Resolved when the search results are retrieved.","     */ ","    this.getWorklogUpdated = function (opts, callback) {","        var options = {","            uri: this.jiraClient.buildURL('/worklog/updated'),","            method: 'GET',","            json: true,","            followAllRedirects: true,","            qs: {","                since: opts.since","            }","        };","        return this.jiraClient.makeRequest(options, callback)","    }","}",""],"l":{"3":1,"11":1,"12":0,"26":0,"27":0,"36":0,"50":0,"51":0,"60":0,"75":0,"76":0,"85":0}}}